Using pre-set license
Built from '2022.3/staging' branch; Version is '2022.3.9f1 (ea401c316338) revision 15351836'; Using compiler version '192829333'; Build Type 'Release'
OS: 'Windows 10  (10.0.19045) 64bit Professional' Language: 'en' Physical Memory: 32573 MB
BatchMode: 1, IsHumanControllingUs: 0, StartBugReporterOnCrash: 0, Is64bit: 1, IsPro: 1

COMMAND LINE ARGUMENTS:
D:\Programs\Unity\Hub\Editor\2022.3.9f1\Editor\Unity.exe
-adb2
-batchMode
-noUpm
-name
AssetImportWorker11
-projectPath
D:/code/unity/Trung-thu-cho-em-2
-logFile
Logs/AssetImportWorker11.log
-srvPort
57175
Successfully changed project path to: D:/code/unity/Trung-thu-cho-em-2
D:/code/unity/Trung-thu-cho-em-2
[UnityMemory] Configuration Parameters - Can be set up in boot.config
    "memorysetup-bucket-allocator-granularity=16"
    "memorysetup-bucket-allocator-bucket-count=8"
    "memorysetup-bucket-allocator-block-size=33554432"
    "memorysetup-bucket-allocator-block-count=8"
    "memorysetup-main-allocator-block-size=16777216"
    "memorysetup-thread-allocator-block-size=16777216"
    "memorysetup-gfx-main-allocator-block-size=16777216"
    "memorysetup-gfx-thread-allocator-block-size=16777216"
    "memorysetup-cache-allocator-block-size=4194304"
    "memorysetup-typetree-allocator-block-size=2097152"
    "memorysetup-profiler-bucket-allocator-granularity=16"
    "memorysetup-profiler-bucket-allocator-bucket-count=8"
    "memorysetup-profiler-bucket-allocator-block-size=33554432"
    "memorysetup-profiler-bucket-allocator-block-count=8"
    "memorysetup-profiler-allocator-block-size=16777216"
    "memorysetup-profiler-editor-allocator-block-size=1048576"
    "memorysetup-temp-allocator-size-main=16777216"
    "memorysetup-job-temp-allocator-block-size=2097152"
    "memorysetup-job-temp-allocator-block-size-background=1048576"
    "memorysetup-job-temp-allocator-reduction-small-platforms=262144"
    "memorysetup-allocator-temp-initial-block-size-main=262144"
    "memorysetup-allocator-temp-initial-block-size-worker=262144"
    "memorysetup-temp-allocator-size-background-worker=32768"
    "memorysetup-temp-allocator-size-job-worker=262144"
    "memorysetup-temp-allocator-size-preload-manager=33554432"
    "memorysetup-temp-allocator-size-nav-mesh-worker=65536"
    "memorysetup-temp-allocator-size-audio-worker=65536"
    "memorysetup-temp-allocator-size-cloud-worker=32768"
    "memorysetup-temp-allocator-size-gi-baking-worker=262144"
    "memorysetup-temp-allocator-size-gfx=262144"
Player connection [32052] Host "[IP] 192.168.0.225 [Port] 0 [Flags] 2 [Guid] 292526334 [EditorId] 292526334 [Version] 1048832 [Id] WindowsEditor(7,HEAVY-SUN) [Debug] 1 [PackageName] WindowsEditor [ProjectName] Editor" joined multi-casting on [225.0.0.222:54997]...

Player connection [32052] Host "[IP] 192.168.0.225 [Port] 0 [Flags] 2 [Guid] 292526334 [EditorId] 292526334 [Version] 1048832 [Id] WindowsEditor(7,HEAVY-SUN) [Debug] 1 [PackageName] WindowsEditor [ProjectName] Editor" joined alternative multi-casting on [225.0.0.222:34997]...

[Physics::Module] Initialized MultithreadedJobDispatcher with 19 workers.
Refreshing native plugins compatible for Editor in 8.86 ms, found 3 plugins.
Preloading 0 native plugins for Editor in 0.00 ms.
Initialize engine version: 2022.3.9f1 (ea401c316338)
[Subsystems] Discovering subsystems at path D:/Programs/Unity/Hub/Editor/2022.3.9f1/Editor/Data/Resources/UnitySubsystems
[Subsystems] Discovering subsystems at path D:/code/unity/Trung-thu-cho-em-2/Assets
GfxDevice: creating device client; threaded=0; jobified=0
Direct3D:
    Version:  Direct3D 11.0 [level 11.1]
    Renderer: NVIDIA GeForce RTX 2070 SUPER (ID=0x1e84)
    Vendor:   NVIDIA
    VRAM:     8003 MB
    Driver:   31.0.15.3623
Initialize mono
Mono path[0] = 'D:/Programs/Unity/Hub/Editor/2022.3.9f1/Editor/Data/Managed'
Mono path[1] = 'D:/Programs/Unity/Hub/Editor/2022.3.9f1/Editor/Data/MonoBleedingEdge/lib/mono/unityjit-win32'
Mono config path = 'D:/Programs/Unity/Hub/Editor/2022.3.9f1/Editor/Data/MonoBleedingEdge/etc'
Using monoOptions --debugger-agent=transport=dt_socket,embedding=1,server=y,suspend=n,address=127.0.0.1:56604
Begin MonoManager ReloadAssembly
Registering precompiled unity dll's ...
Register platform support module: D:/Programs/Unity/Hub/Editor/2022.3.9f1/Editor/Data/PlaybackEngines/WebGLSupport/UnityEditor.WebGL.Extensions.dll
Register platform support module: D:/Programs/Unity/Hub/Editor/2022.3.9f1/Editor/Data/PlaybackEngines/AndroidPlayer/UnityEditor.Android.Extensions.dll
Register platform support module: D:/Programs/Unity/Hub/Editor/2022.3.9f1/Editor/Data/PlaybackEngines/WindowsStandaloneSupport/UnityEditor.WindowsStandalone.Extensions.dll
Register platform support module: D:/Programs/Unity/Hub/Editor/2022.3.9f1/Editor/Data/PlaybackEngines/MetroSupport/UnityEditor.UWP.Extensions.dll
Registered in 0.007851 seconds.
- Loaded All Assemblies, in  0.278 seconds
Native extension for UWP target not found
Native extension for WindowsStandalone target not found
Native extension for Android target not found
Native extension for WebGL target not found
Mono: successfully reloaded assembly
- Finished resetting the current domain, in  0.237 seconds
Domain Reload Profiling: 514ms
	BeginReloadAssembly (79ms)
		ExecutionOrderSort (0ms)
		DisableScriptedObjects (0ms)
		BackupInstance (0ms)
		ReleaseScriptingObjects (0ms)
		CreateAndSetChildDomain (1ms)
	RebuildCommonClasses (26ms)
	RebuildNativeTypeToScriptingClass (9ms)
	initialDomainReloadingComplete (46ms)
	LoadAllAssembliesAndSetupDomain (118ms)
		LoadAssemblies (78ms)
		RebuildTransferFunctionScriptingTraits (0ms)
		AnalyzeDomain (116ms)
			TypeCache.Refresh (115ms)
				TypeCache.ScanAssembly (104ms)
			ScanForSourceGeneratedMonoScriptInfo (0ms)
			ResolveRequiredComponents (0ms)
	FinalizeReload (237ms)
		ReleaseScriptCaches (0ms)
		RebuildScriptCaches (0ms)
		SetupLoadedEditorAssemblies (191ms)
			LogAssemblyErrors (0ms)
			InitializePlatformSupportModulesInManaged (67ms)
			SetLoadedEditorAssemblies (3ms)
			RefreshPlugins (0ms)
			BeforeProcessingInitializeOnLoad (2ms)
			ProcessInitializeOnLoadAttributes (81ms)
			ProcessInitializeOnLoadMethodAttributes (37ms)
			AfterProcessingInitializeOnLoad (0ms)
			EditorAssembliesLoaded (0ms)
		ExecutionOrderSort2 (0ms)
		AwakeInstancesAfterBackupRestoration (0ms)
========================================================================
Worker process is ready to serve import requests
Begin MonoManager ReloadAssembly
- Loaded All Assemblies, in  0.513 seconds
Refreshing native plugins compatible for Editor in 3.03 ms, found 3 plugins.
Native extension for UWP target not found
Native extension for WindowsStandalone target not found
Native extension for Android target not found
Native extension for WebGL target not found
Package Manager log level set to [2]
[Package Manager] Server::EnsureServerProcessIsRunning -- launch failed, reason: Unity was launched with the -noUpm command-line argument
[Package Manager] UpmClient::Send -- Unable to send message (not connected to UPM process).
[Package Manager] Cannot connect to Unity Package Manager local server
Mono: successfully reloaded assembly
- Finished resetting the current domain, in  0.608 seconds
Domain Reload Profiling: 1119ms
	BeginReloadAssembly (114ms)
		ExecutionOrderSort (0ms)
		DisableScriptedObjects (5ms)
		BackupInstance (0ms)
		ReleaseScriptingObjects (0ms)
		CreateAndSetChildDomain (17ms)
	RebuildCommonClasses (27ms)
	RebuildNativeTypeToScriptingClass (9ms)
	initialDomainReloadingComplete (23ms)
	LoadAllAssembliesAndSetupDomain (338ms)
		LoadAssemblies (240ms)
		RebuildTransferFunctionScriptingTraits (0ms)
		AnalyzeDomain (163ms)
			TypeCache.Refresh (142ms)
				TypeCache.ScanAssembly (124ms)
			ScanForSourceGeneratedMonoScriptInfo (16ms)
			ResolveRequiredComponents (4ms)
	FinalizeReload (608ms)
		ReleaseScriptCaches (0ms)
		RebuildScriptCaches (0ms)
		SetupLoadedEditorAssemblies (487ms)
			LogAssemblyErrors (0ms)
			InitializePlatformSupportModulesInManaged (20ms)
			SetLoadedEditorAssemblies (3ms)
			RefreshPlugins (0ms)
			BeforeProcessingInitializeOnLoad (50ms)
			ProcessInitializeOnLoadAttributes (391ms)
			ProcessInitializeOnLoadMethodAttributes (18ms)
			AfterProcessingInitializeOnLoad (4ms)
			EditorAssembliesLoaded (0ms)
		ExecutionOrderSort2 (0ms)
		AwakeInstancesAfterBackupRestoration (5ms)
Launched and connected shader compiler UnityShaderCompiler.exe after 0.03 seconds
Refreshing native plugins compatible for Editor in 4.83 ms, found 3 plugins.
Preloading 0 native plugins for Editor in 0.00 ms.
Unloading 3658 Unused Serialized files (Serialized files now loaded: 0)
Unloading 57 unused Assets / (62.4 KB). Loaded Objects now: 4114.
Memory consumption went from 137.2 MB to 137.1 MB.
Total: 2.594700 ms (FindLiveObjects: 0.241000 ms CreateObjectMapping: 0.186900 ms MarkObjects: 2.082800 ms  DeleteObjects: 0.083400 ms)

AssetImportParameters requested are different than current active one (requested -> active):
  custom:container-demuxer-ogg: 62fdf1f143b41e24485cea50d1cbac27 -> 
  custom:video-decoder-ogg-theora: a1e56fd34408186e4bbccfd4996cb3dc -> 
  custom:framework-win-MediaFoundation: 216162199b28c13a410421893ffa2e32 -> 
  custom:CustomObjectIndexerAttribute: 756ad292c208cfabdd7b50bc23989ffe -> 
  custom:container-demuxer-webm: 4f35f7cbe854078d1ac9338744f61a02 -> 
  custom:container-muxer-webm: aa71ff27fc2769a1b78a27578f13a17b -> 
  custom:video-decoder-webm-vp8: 9c59270c3fd7afecdb556c50c9e8de78 -> 
  custom:SearchIndexIgnoredProperties: e643bd26f0fe6173181afceb89e7c659 -> 
  custom:AudioImporter_EditorPlatform: d09bf68614088b80899f8185d706f6e7 -> 
  custom:scripting/monoscript/fileName/PlaceInfoHolder.cs: 5115a02278b92b7496a0da728eef9f39 -> fbad39f7dbb99a38806bb6707ecad518
  custom:video-encoder-webm-vp8: eb34c28f22e8b96e1ab97ce403110664 -> 
  custom:audio-decoder-ogg-vorbis: bf7c407c2cedff20999df2af8eb42d56 -> 
  custom:audio-encoder-webm-vorbis: bf7c407c2cedff20999df2af8eb42d56 -> 
========================================================================
Received Import Request.
  Time since last request: 732241.218515 seconds.
  path: Assets/Prefab/Place 1 Locked.prefab
  artifactKey: Guid(524fb997595ecda40b57edf85f632555) Importer(815301076,1909f56bfc062723c751e8b465ee728b)
Start importing Assets/Prefab/Place 1 Locked.prefab using Guid(524fb997595ecda40b57edf85f632555) Importer(815301076,1909f56bfc062723c751e8b465ee728b)  -> (artifact id: '813c49a8ad2949ccc590f795ed6f807d') in 0.084006 seconds
Number of updated asset objects reloaded before import = 0
Number of asset objects unloaded after import = 58
========================================================================
Received Import Request.
  Time since last request: 15.584959 seconds.
  path: Assets/Prefab/Place 1 Locked 1.prefab
  artifactKey: Guid(07c199a084c1d0f4e926d5c2e53f90bf) Importer(815301076,1909f56bfc062723c751e8b465ee728b)
Start importing Assets/Prefab/Place 1 Locked 1.prefab using Guid(07c199a084c1d0f4e926d5c2e53f90bf) Importer(815301076,1909f56bfc062723c751e8b465ee728b)  -> (artifact id: 'a3b29abafa0199bbdd314b83c2029be2') in 0.003730 seconds
Number of updated asset objects reloaded before import = 0
Number of asset objects unloaded after import = 58
========================================================================
Received Import Request.
  Time since last request: 0.993232 seconds.
  path: Assets/Prefab/Place 1 Locked 2.prefab
  artifactKey: Guid(c9f534e8394b91a46825a2aacd39e584) Importer(815301076,1909f56bfc062723c751e8b465ee728b)
Start importing Assets/Prefab/Place 1 Locked 2.prefab using Guid(c9f534e8394b91a46825a2aacd39e584) Importer(815301076,1909f56bfc062723c751e8b465ee728b)  -> (artifact id: '9136577a10520e922926fa9259305b7d') in 0.003581 seconds
Number of updated asset objects reloaded before import = 0
Number of asset objects unloaded after import = 58
========================================================================
Received Import Request.
  Time since last request: 0.191322 seconds.
  path: Assets/Prefab/Place 1 Locked 3.prefab
  artifactKey: Guid(485f742d24b206945ab96c46f8b25f78) Importer(815301076,1909f56bfc062723c751e8b465ee728b)
Start importing Assets/Prefab/Place 1 Locked 3.prefab using Guid(485f742d24b206945ab96c46f8b25f78) Importer(815301076,1909f56bfc062723c751e8b465ee728b)  -> (artifact id: '1f78fa39635db8ac0bcdf0ef81d3d8c5') in 0.004329 seconds
Number of updated asset objects reloaded before import = 0
Number of asset objects unloaded after import = 58
========================================================================
Received Import Request.
  Time since last request: 0.189207 seconds.
  path: Assets/Prefab/Place 1 Locked 4.prefab
  artifactKey: Guid(b7ab7991be5144d40ac2333e8e37ccba) Importer(815301076,1909f56bfc062723c751e8b465ee728b)
Start importing Assets/Prefab/Place 1 Locked 4.prefab using Guid(b7ab7991be5144d40ac2333e8e37ccba) Importer(815301076,1909f56bfc062723c751e8b465ee728b)  -> (artifact id: '755430e31e8e22f6116d336d3e814d73') in 0.003418 seconds
Number of updated asset objects reloaded before import = 0
Number of asset objects unloaded after import = 58
========================================================================
Received Import Request.
  Time since last request: 0.218600 seconds.
  path: Assets/Prefab/Place 1 Locked 5.prefab
  artifactKey: Guid(a2a5f9ed3b231284bafc8da643693354) Importer(815301076,1909f56bfc062723c751e8b465ee728b)
Start importing Assets/Prefab/Place 1 Locked 5.prefab using Guid(a2a5f9ed3b231284bafc8da643693354) Importer(815301076,1909f56bfc062723c751e8b465ee728b)  -> (artifact id: '5bc9062c4678cfbc72b944a650e65f4f') in 0.003475 seconds
Number of updated asset objects reloaded before import = 0
Number of asset objects unloaded after import = 58
========================================================================
Received Import Request.
  Time since last request: 0.112088 seconds.
  path: Assets/Prefab/Place 1 Locked 6.prefab
  artifactKey: Guid(d48f1e312ad7d4144aea78e2c055aab0) Importer(815301076,1909f56bfc062723c751e8b465ee728b)
Start importing Assets/Prefab/Place 1 Locked 6.prefab using Guid(d48f1e312ad7d4144aea78e2c055aab0) Importer(815301076,1909f56bfc062723c751e8b465ee728b)  -> (artifact id: 'cb63c4bc562a332eb32d76614863c8f1') in 0.003330 seconds
Number of updated asset objects reloaded before import = 0
Number of asset objects unloaded after import = 58
========================================================================
Received Import Request.
  Time since last request: 0.184921 seconds.
  path: Assets/Prefab/Place 1 Locked 7.prefab
  artifactKey: Guid(ab305a75760c6fb4daa3c551f0880dab) Importer(815301076,1909f56bfc062723c751e8b465ee728b)
Start importing Assets/Prefab/Place 1 Locked 7.prefab using Guid(ab305a75760c6fb4daa3c551f0880dab) Importer(815301076,1909f56bfc062723c751e8b465ee728b)  -> (artifact id: '5194d5fc399fd5b37c6f3f2490e8e033') in 0.003378 seconds
Number of updated asset objects reloaded before import = 0
Number of asset objects unloaded after import = 58
========================================================================
Received Import Request.
  Time since last request: 0.149059 seconds.
  path: Assets/Prefab/Place 1 Locked 8.prefab
  artifactKey: Guid(92ec271dc908abe4192ce2f586d17d50) Importer(815301076,1909f56bfc062723c751e8b465ee728b)
Start importing Assets/Prefab/Place 1 Locked 8.prefab using Guid(92ec271dc908abe4192ce2f586d17d50) Importer(815301076,1909f56bfc062723c751e8b465ee728b)  -> (artifact id: '1f2615b093c9e8adebb7e05bc11cb90f') in 0.003590 seconds
Number of updated asset objects reloaded before import = 0
Number of asset objects unloaded after import = 58
========================================================================
Received Import Request.
  Time since last request: 0.498936 seconds.
  path: Assets/Prefab/Place 1 Locked 9.prefab
  artifactKey: Guid(e6acf66881b2eda47a81e5863ca357fc) Importer(815301076,1909f56bfc062723c751e8b465ee728b)
Start importing Assets/Prefab/Place 1 Locked 9.prefab using Guid(e6acf66881b2eda47a81e5863ca357fc) Importer(815301076,1909f56bfc062723c751e8b465ee728b)  -> (artifact id: '36d50d9a0825e51b2ed61c84f47500e1') in 0.003296 seconds
Number of updated asset objects reloaded before import = 0
Number of asset objects unloaded after import = 58
========================================================================
Received Import Request.
  Time since last request: 15.735948 seconds.
  path: Assets/Prefab/Place 1 Unlocked.prefab
  artifactKey: Guid(07c199a084c1d0f4e926d5c2e53f90bf) Importer(815301076,1909f56bfc062723c751e8b465ee728b)
Start importing Assets/Prefab/Place 1 Unlocked.prefab using Guid(07c199a084c1d0f4e926d5c2e53f90bf) Importer(815301076,1909f56bfc062723c751e8b465ee728b)  -> (artifact id: '36073430fd232e0d0d593f13677e4d2c') in 0.003612 seconds
Number of updated asset objects reloaded before import = 0
Number of asset objects unloaded after import = 58
========================================================================
Received Import Request.
  Time since last request: 49.337401 seconds.
  path: Assets/Prefab/2.prefab
  artifactKey: Guid(c9f534e8394b91a46825a2aacd39e584) Importer(815301076,1909f56bfc062723c751e8b465ee728b)
Start importing Assets/Prefab/2.prefab using Guid(c9f534e8394b91a46825a2aacd39e584) Importer(815301076,1909f56bfc062723c751e8b465ee728b)  -> (artifact id: '9ca7308cbb7cd16f9519c207d5a45102') in 0.003720 seconds
Number of updated asset objects reloaded before import = 0
Number of asset objects unloaded after import = 58
========================================================================
Received Import Request.
  Time since last request: 12.764079 seconds.
  path: Assets/Prefab/Place 2 Locked.prefab
  artifactKey: Guid(c9f534e8394b91a46825a2aacd39e584) Importer(815301076,1909f56bfc062723c751e8b465ee728b)
Start importing Assets/Prefab/Place 2 Locked.prefab using Guid(c9f534e8394b91a46825a2aacd39e584) Importer(815301076,1909f56bfc062723c751e8b465ee728b)  -> (artifact id: 'c5bb35cc38297d2fa2bd5bf03a884a24') in 0.003364 seconds
Number of updated asset objects reloaded before import = 0
Number of asset objects unloaded after import = 58
========================================================================
Received Import Request.
  Time since last request: 10.707978 seconds.
  path: Assets/Prefab/Place 1 Un;ocked.prefab
  artifactKey: Guid(07c199a084c1d0f4e926d5c2e53f90bf) Importer(815301076,1909f56bfc062723c751e8b465ee728b)
Start importing Assets/Prefab/Place 1 Un;ocked.prefab using Guid(07c199a084c1d0f4e926d5c2e53f90bf) Importer(815301076,1909f56bfc062723c751e8b465ee728b)  -> (artifact id: '996344b972a70c0d47fe2e75af326877') in 0.003517 seconds
Number of updated asset objects reloaded before import = 0
Number of asset objects unloaded after import = 58
========================================================================
Received Import Request.
  Time since last request: 19.432004 seconds.
  path: Assets/Prefab/Place 3 Locked.prefab
  artifactKey: Guid(485f742d24b206945ab96c46f8b25f78) Importer(815301076,1909f56bfc062723c751e8b465ee728b)
Start importing Assets/Prefab/Place 3 Locked.prefab using Guid(485f742d24b206945ab96c46f8b25f78) Importer(815301076,1909f56bfc062723c751e8b465ee728b)  -> (artifact id: '122b8210b8a35de858b99890f2cd2bea') in 0.004609 seconds
Number of updated asset objects reloaded before import = 0
Number of asset objects unloaded after import = 58
========================================================================
Received Import Request.
  Time since last request: 15.600453 seconds.
  path: Assets/Prefab/Place 4 Locked.prefab
  artifactKey: Guid(b7ab7991be5144d40ac2333e8e37ccba) Importer(815301076,1909f56bfc062723c751e8b465ee728b)
Start importing Assets/Prefab/Place 4 Locked.prefab using Guid(b7ab7991be5144d40ac2333e8e37ccba) Importer(815301076,1909f56bfc062723c751e8b465ee728b)  -> (artifact id: '8cc85483635cbabb0e38682556442f2f') in 0.003374 seconds
Number of updated asset objects reloaded before import = 0
Number of asset objects unloaded after import = 58
========================================================================
Received Import Request.
  Time since last request: 5.193808 seconds.
  path: Assets/Prefab/Place 5 Locked.prefab
  artifactKey: Guid(a2a5f9ed3b231284bafc8da643693354) Importer(815301076,1909f56bfc062723c751e8b465ee728b)
Start importing Assets/Prefab/Place 5 Locked.prefab using Guid(a2a5f9ed3b231284bafc8da643693354) Importer(815301076,1909f56bfc062723c751e8b465ee728b)  -> (artifact id: '9f9d95bed412ce1b0cc1fbd03815c5bb') in 0.003418 seconds
Number of updated asset objects reloaded before import = 0
Number of asset objects unloaded after import = 58
========================================================================
Received Import Request.
  Time since last request: 5.130117 seconds.
  path: Assets/Prefab/Place 6 Locked.prefab
  artifactKey: Guid(d48f1e312ad7d4144aea78e2c055aab0) Importer(815301076,1909f56bfc062723c751e8b465ee728b)
Start importing Assets/Prefab/Place 6 Locked.prefab using Guid(d48f1e312ad7d4144aea78e2c055aab0) Importer(815301076,1909f56bfc062723c751e8b465ee728b)  -> (artifact id: '779a46e1d4608580b6d3c5833c9919a9') in 0.003401 seconds
Number of updated asset objects reloaded before import = 0
Number of asset objects unloaded after import = 58
========================================================================
Received Import Request.
  Time since last request: 10.590258 seconds.
  path: Assets/Prefab/Place 2 Unlocked.prefab
  artifactKey: Guid(ab305a75760c6fb4daa3c551f0880dab) Importer(815301076,1909f56bfc062723c751e8b465ee728b)
Start importing Assets/Prefab/Place 2 Unlocked.prefab using Guid(ab305a75760c6fb4daa3c551f0880dab) Importer(815301076,1909f56bfc062723c751e8b465ee728b)  -> (artifact id: '631b552d4b5d8e3607f9a2d8775c19b5') in 0.003530 seconds
Number of updated asset objects reloaded before import = 0
Number of asset objects unloaded after import = 58
========================================================================
Received Import Request.
  Time since last request: 51.096894 seconds.
  path: Assets/Prefab/Place 1 Unlocked.prefab
  artifactKey: Guid(07c199a084c1d0f4e926d5c2e53f90bf) Importer(815301076,1909f56bfc062723c751e8b465ee728b)
Start importing Assets/Prefab/Place 1 Unlocked.prefab using Guid(07c199a084c1d0f4e926d5c2e53f90bf) Importer(815301076,1909f56bfc062723c751e8b465ee728b)  -> (artifact id: '86379a75e6ba03e53521f251243bc086') in 0.003597 seconds
Number of updated asset objects reloaded before import = 0
Number of asset objects unloaded after import = 53
========================================================================
Received Import Request.
  Time since last request: 21.148392 seconds.
  path: Assets/Prefab/Place 1 Unlocked 1.prefab
  artifactKey: Guid(a9ca8f64383122f47aa3daa71c9e8664) Importer(815301076,1909f56bfc062723c751e8b465ee728b)
Start importing Assets/Prefab/Place 1 Unlocked 1.prefab using Guid(a9ca8f64383122f47aa3daa71c9e8664) Importer(815301076,1909f56bfc062723c751e8b465ee728b)  -> (artifact id: '46e07854feebcb4871d3c0eef324523e') in 0.003729 seconds
Number of updated asset objects reloaded before import = 0
Number of asset objects unloaded after import = 53
========================================================================
Received Import Request.
  Time since last request: 0.401850 seconds.
  path: Assets/Prefab/Place 1 Unlocked 2.prefab
  artifactKey: Guid(c9fc640ad0074c34eae06991d2817ef1) Importer(815301076,1909f56bfc062723c751e8b465ee728b)
Start importing Assets/Prefab/Place 1 Unlocked 2.prefab using Guid(c9fc640ad0074c34eae06991d2817ef1) Importer(815301076,1909f56bfc062723c751e8b465ee728b)  -> (artifact id: '309d9cfb798aa31d4ba9f62fea7fbfba') in 0.003365 seconds
Number of updated asset objects reloaded before import = 0
Number of asset objects unloaded after import = 53
========================================================================
Received Import Request.
  Time since last request: 0.250172 seconds.
  path: Assets/Prefab/Place 1 Unlocked 3.prefab
  artifactKey: Guid(c3b6722985a12f0428548bd26d9d9c95) Importer(815301076,1909f56bfc062723c751e8b465ee728b)
Start importing Assets/Prefab/Place 1 Unlocked 3.prefab using Guid(c3b6722985a12f0428548bd26d9d9c95) Importer(815301076,1909f56bfc062723c751e8b465ee728b)  -> (artifact id: '646269816d2617d6e93fe891c32cb7aa') in 0.003324 seconds
Number of updated asset objects reloaded before import = 0
Number of asset objects unloaded after import = 53
========================================================================
Received Import Request.
  Time since last request: 0.319239 seconds.
  path: Assets/Prefab/Place 1 Unlocked 4.prefab
  artifactKey: Guid(b12eb4a0c4159a54598f62a66f95dfd1) Importer(815301076,1909f56bfc062723c751e8b465ee728b)
Start importing Assets/Prefab/Place 1 Unlocked 4.prefab using Guid(b12eb4a0c4159a54598f62a66f95dfd1) Importer(815301076,1909f56bfc062723c751e8b465ee728b)  -> (artifact id: '45473fbcb8ea2a34e78e73b19a4beb93') in 0.003220 seconds
Number of updated asset objects reloaded before import = 0
Number of asset objects unloaded after import = 53
========================================================================
Received Import Request.
  Time since last request: 0.326980 seconds.
  path: Assets/Prefab/Place 1 Unlocked 5.prefab
  artifactKey: Guid(1b326de3c9fbb9748a74bcc8e4b1b31f) Importer(815301076,1909f56bfc062723c751e8b465ee728b)
Start importing Assets/Prefab/Place 1 Unlocked 5.prefab using Guid(1b326de3c9fbb9748a74bcc8e4b1b31f) Importer(815301076,1909f56bfc062723c751e8b465ee728b)  -> (artifact id: '6b0f82d070f61277dc27c768512771c1') in 0.003409 seconds
Number of updated asset objects reloaded before import = 0
Number of asset objects unloaded after import = 53
========================================================================
Received Import Request.
  Time since last request: 7.655938 seconds.
  path: Assets/Prefab/Place 2 Unlocked.prefab
  artifactKey: Guid(a9ca8f64383122f47aa3daa71c9e8664) Importer(815301076,1909f56bfc062723c751e8b465ee728b)
Start importing Assets/Prefab/Place 2 Unlocked.prefab using Guid(a9ca8f64383122f47aa3daa71c9e8664) Importer(815301076,1909f56bfc062723c751e8b465ee728b)  -> (artifact id: 'f09cd0347954739d62904b89c4b301e9') in 0.003334 seconds
Number of updated asset objects reloaded before import = 0
Number of asset objects unloaded after import = 53
========================================================================
Received Import Request.
  Time since last request: 4.686367 seconds.
  path: Assets/Prefab/Place 3 Unlocked.prefab
  artifactKey: Guid(c9fc640ad0074c34eae06991d2817ef1) Importer(815301076,1909f56bfc062723c751e8b465ee728b)
Start importing Assets/Prefab/Place 3 Unlocked.prefab using Guid(c9fc640ad0074c34eae06991d2817ef1) Importer(815301076,1909f56bfc062723c751e8b465ee728b)  -> (artifact id: '6755351c1ef9b290bf64644a2ab5628b') in 0.003278 seconds
Number of updated asset objects reloaded before import = 0
Number of asset objects unloaded after import = 53
========================================================================
Received Import Request.
  Time since last request: 5.212267 seconds.
  path: Assets/Prefab/Place 4 Unlocked.prefab
  artifactKey: Guid(c3b6722985a12f0428548bd26d9d9c95) Importer(815301076,1909f56bfc062723c751e8b465ee728b)
Start importing Assets/Prefab/Place 4 Unlocked.prefab using Guid(c3b6722985a12f0428548bd26d9d9c95) Importer(815301076,1909f56bfc062723c751e8b465ee728b)  -> (artifact id: '76770bd239e9033b1a36b1f58c783062') in 0.004954 seconds
Number of updated asset objects reloaded before import = 0
Number of asset objects unloaded after import = 53
========================================================================
Received Import Request.
  Time since last request: 17.378187 seconds.
  path: Assets/Prefab/Place Locked.prefab
  artifactKey: Guid(524fb997595ecda40b57edf85f632555) Importer(815301076,1909f56bfc062723c751e8b465ee728b)
Start importing Assets/Prefab/Place Locked.prefab using Guid(524fb997595ecda40b57edf85f632555) Importer(815301076,1909f56bfc062723c751e8b465ee728b)  -> (artifact id: '71ff90578318002b5ee98f36f84281f6') in 0.003337 seconds
Number of updated asset objects reloaded before import = 0
Number of asset objects unloaded after import = 58
========================================================================
Received Import Request.
  Time since last request: 2.573724 seconds.
  path: Assets/Prefab/Place Locked 1.prefab
  artifactKey: Guid(afa50451184aee345940e951399aa8cb) Importer(815301076,1909f56bfc062723c751e8b465ee728b)
Start importing Assets/Prefab/Place Locked 1.prefab using Guid(afa50451184aee345940e951399aa8cb) Importer(815301076,1909f56bfc062723c751e8b465ee728b)  -> (artifact id: '627aaa7b1765de8f02d7570fe550aac6') in 0.003428 seconds
Number of updated asset objects reloaded before import = 0
Number of asset objects unloaded after import = 58
========================================================================
Received Import Request.
  Time since last request: 0.417332 seconds.
  path: Assets/Prefab/Place Locked 2.prefab
  artifactKey: Guid(07a36029ca112b447ad73817bd4a2374) Importer(815301076,1909f56bfc062723c751e8b465ee728b)
Start importing Assets/Prefab/Place Locked 2.prefab using Guid(07a36029ca112b447ad73817bd4a2374) Importer(815301076,1909f56bfc062723c751e8b465ee728b)  -> (artifact id: 'dea0129f393bae0058702dda217df30b') in 0.003334 seconds
Number of updated asset objects reloaded before import = 0
Number of asset objects unloaded after import = 58
========================================================================
Received Import Request.
  Time since last request: 0.322917 seconds.
  path: Assets/Prefab/Place Locked 3.prefab
  artifactKey: Guid(2de04ebd554ad5541b2f49888f505ce9) Importer(815301076,1909f56bfc062723c751e8b465ee728b)
Start importing Assets/Prefab/Place Locked 3.prefab using Guid(2de04ebd554ad5541b2f49888f505ce9) Importer(815301076,1909f56bfc062723c751e8b465ee728b)  -> (artifact id: 'e1cd3d82b949b0e99222848e3eb2f53f') in 0.003399 seconds
Number of updated asset objects reloaded before import = 0
Number of asset objects unloaded after import = 58
========================================================================
Received Import Request.
  Time since last request: 0.192367 seconds.
  path: Assets/Prefab/Place Locked 4.prefab
  artifactKey: Guid(4653ebc6adf98b64c83620419aa7f8d4) Importer(815301076,1909f56bfc062723c751e8b465ee728b)
Start importing Assets/Prefab/Place Locked 4.prefab using Guid(4653ebc6adf98b64c83620419aa7f8d4) Importer(815301076,1909f56bfc062723c751e8b465ee728b)  -> (artifact id: '627b4942007cb9d47c454de0344792d1') in 0.003533 seconds
Number of updated asset objects reloaded before import = 0
Number of asset objects unloaded after import = 58
========================================================================
Received Import Request.
  Time since last request: 1.256010 seconds.
  path: Assets/Prefab/Place Locked 5.prefab
  artifactKey: Guid(7a083ea34366dea4d828ae16182d8bc0) Importer(815301076,1909f56bfc062723c751e8b465ee728b)
Start importing Assets/Prefab/Place Locked 5.prefab using Guid(7a083ea34366dea4d828ae16182d8bc0) Importer(815301076,1909f56bfc062723c751e8b465ee728b)  -> (artifact id: 'd820db8b93adb9e9fbcd5223927f25ed') in 0.003641 seconds
Number of updated asset objects reloaded before import = 0
Number of asset objects unloaded after import = 58
========================================================================
Received Import Request.
  Time since last request: 0.912870 seconds.
  path: Assets/Prefab/Place Locked 6.prefab
  artifactKey: Guid(1c335f7bf5d31f3448846ec7ebf99907) Importer(815301076,1909f56bfc062723c751e8b465ee728b)
Start importing Assets/Prefab/Place Locked 6.prefab using Guid(1c335f7bf5d31f3448846ec7ebf99907) Importer(815301076,1909f56bfc062723c751e8b465ee728b)  -> (artifact id: '143083385ed555adf7a33c65fcdc64bd') in 0.003459 seconds
Number of updated asset objects reloaded before import = 0
Number of asset objects unloaded after import = 58
========================================================================
Received Import Request.
  Time since last request: 8.557649 seconds.
  path: Assets/Prefab/Place Unlocked.prefab
  artifactKey: Guid(07c199a084c1d0f4e926d5c2e53f90bf) Importer(815301076,1909f56bfc062723c751e8b465ee728b)
Start importing Assets/Prefab/Place Unlocked.prefab using Guid(07c199a084c1d0f4e926d5c2e53f90bf) Importer(815301076,1909f56bfc062723c751e8b465ee728b)  -> (artifact id: '9bda3ed1bd9af352167c452b9e0220af') in 0.003291 seconds
Number of updated asset objects reloaded before import = 0
Number of asset objects unloaded after import = 53
========================================================================
Received Import Request.
  Time since last request: 2.857355 seconds.
  path: Assets/Prefab/Place Unlocked 1.prefab
  artifactKey: Guid(0f1c4fa3ac7b4c04596e777807006865) Importer(815301076,1909f56bfc062723c751e8b465ee728b)
Start importing Assets/Prefab/Place Unlocked 1.prefab using Guid(0f1c4fa3ac7b4c04596e777807006865) Importer(815301076,1909f56bfc062723c751e8b465ee728b)  -> (artifact id: 'ad2c1d97c03984ba1e29fd173abc025f') in 0.003259 seconds
Number of updated asset objects reloaded before import = 0
Number of asset objects unloaded after import = 53
========================================================================
Received Import Request.
  Time since last request: 0.206535 seconds.
  path: Assets/Prefab/Place Unlocked 2.prefab
  artifactKey: Guid(86a98ea9be00e034a92949e386547b75) Importer(815301076,1909f56bfc062723c751e8b465ee728b)
Start importing Assets/Prefab/Place Unlocked 2.prefab using Guid(86a98ea9be00e034a92949e386547b75) Importer(815301076,1909f56bfc062723c751e8b465ee728b)  -> (artifact id: '851a317ffeee1bc276cc2b9a2f6aef39') in 0.003368 seconds
Number of updated asset objects reloaded before import = 0
Number of asset objects unloaded after import = 53
========================================================================
Received Import Request.
  Time since last request: 0.145187 seconds.
  path: Assets/Prefab/Place Unlocked 3.prefab
  artifactKey: Guid(0b0b8b8aa598dee48852b2e096cc1def) Importer(815301076,1909f56bfc062723c751e8b465ee728b)
Start importing Assets/Prefab/Place Unlocked 3.prefab using Guid(0b0b8b8aa598dee48852b2e096cc1def) Importer(815301076,1909f56bfc062723c751e8b465ee728b)  -> (artifact id: 'bc6be913f26c425b66b06f1eb2a2d362') in 0.003350 seconds
Number of updated asset objects reloaded before import = 0
Number of asset objects unloaded after import = 53
========================================================================
Received Import Request.
  Time since last request: 0.188552 seconds.
  path: Assets/Prefab/Place Unlocked 4.prefab
  artifactKey: Guid(027ba88c868391e48b99912e4b424b93) Importer(815301076,1909f56bfc062723c751e8b465ee728b)
Start importing Assets/Prefab/Place Unlocked 4.prefab using Guid(027ba88c868391e48b99912e4b424b93) Importer(815301076,1909f56bfc062723c751e8b465ee728b)  -> (artifact id: '506837681bc6125b192864bd8f06ecaf') in 0.003264 seconds
Number of updated asset objects reloaded before import = 0
Number of asset objects unloaded after import = 53
========================================================================
Received Import Request.
  Time since last request: 0.370939 seconds.
  path: Assets/Prefab/Place Unlocked 5.prefab
  artifactKey: Guid(fbaccf9c2f3e0194ba3c07617f78b069) Importer(815301076,1909f56bfc062723c751e8b465ee728b)
Start importing Assets/Prefab/Place Unlocked 5.prefab using Guid(fbaccf9c2f3e0194ba3c07617f78b069) Importer(815301076,1909f56bfc062723c751e8b465ee728b)  -> (artifact id: '5644570cc55871cbc65f6cca5a8787b1') in 0.003246 seconds
Number of updated asset objects reloaded before import = 0
Number of asset objects unloaded after import = 53
========================================================================
Received Import Request.
  Time since last request: 0.541528 seconds.
  path: Assets/Prefab/Place Unlocked 6.prefab
  artifactKey: Guid(ff6992a69cc70284fa1f2a635245d747) Importer(815301076,1909f56bfc062723c751e8b465ee728b)
Start importing Assets/Prefab/Place Unlocked 6.prefab using Guid(ff6992a69cc70284fa1f2a635245d747) Importer(815301076,1909f56bfc062723c751e8b465ee728b)  -> (artifact id: '38d87fc62c04f9f5c7f02762f882b99b') in 0.003503 seconds
Number of updated asset objects reloaded before import = 0
Number of asset objects unloaded after import = 53
========================================================================
Received Import Request.
  Time since last request: 108.055231 seconds.
  path: Assets/Prefab/Place Locked 2.prefab
  artifactKey: Guid(07a36029ca112b447ad73817bd4a2374) Importer(815301076,1909f56bfc062723c751e8b465ee728b)
Start importing Assets/Prefab/Place Locked 2.prefab using Guid(07a36029ca112b447ad73817bd4a2374) Importer(815301076,1909f56bfc062723c751e8b465ee728b)  -> (artifact id: '56aec9ca1e05119d5bd1d39659db285e') in 0.003671 seconds
Number of updated asset objects reloaded before import = 0
Number of asset objects unloaded after import = 58
========================================================================
Received Import Request.
  Time since last request: 27.950812 seconds.
  path: Assets/Prefab/Place Locked 6.prefab
  artifactKey: Guid(1c335f7bf5d31f3448846ec7ebf99907) Importer(815301076,1909f56bfc062723c751e8b465ee728b)
Start importing Assets/Prefab/Place Locked 6.prefab using Guid(1c335f7bf5d31f3448846ec7ebf99907) Importer(815301076,1909f56bfc062723c751e8b465ee728b)  -> (artifact id: 'f73d18b149462c5225107faf2679e109') in 0.003464 seconds
Number of updated asset objects reloaded before import = 0
Number of asset objects unloaded after import = 58
========================================================================
Received Import Request.
  Time since last request: 0.558934 seconds.
  path: Assets/Prefab/Place Locked 5.prefab
  artifactKey: Guid(7a083ea34366dea4d828ae16182d8bc0) Importer(815301076,1909f56bfc062723c751e8b465ee728b)
Start importing Assets/Prefab/Place Locked 5.prefab using Guid(7a083ea34366dea4d828ae16182d8bc0) Importer(815301076,1909f56bfc062723c751e8b465ee728b)  -> (artifact id: '6f13b72c63017771fd4c55fd792dc0fa') in 0.003437 seconds
Number of updated asset objects reloaded before import = 0
Number of asset objects unloaded after import = 58
========================================================================
Received Import Request.
  Time since last request: 0.527794 seconds.
  path: Assets/Prefab/Place Locked 4.prefab
  artifactKey: Guid(4653ebc6adf98b64c83620419aa7f8d4) Importer(815301076,1909f56bfc062723c751e8b465ee728b)
Start importing Assets/Prefab/Place Locked 4.prefab using Guid(4653ebc6adf98b64c83620419aa7f8d4) Importer(815301076,1909f56bfc062723c751e8b465ee728b)  -> (artifact id: '70248583aed7e92b4c2934fbce74e1fd') in 0.003253 seconds
Number of updated asset objects reloaded before import = 0
Number of asset objects unloaded after import = 58
========================================================================
Received Import Request.
  Time since last request: 0.589086 seconds.
  path: Assets/Prefab/Place Locked 3.prefab
  artifactKey: Guid(2de04ebd554ad5541b2f49888f505ce9) Importer(815301076,1909f56bfc062723c751e8b465ee728b)
Start importing Assets/Prefab/Place Locked 3.prefab using Guid(2de04ebd554ad5541b2f49888f505ce9) Importer(815301076,1909f56bfc062723c751e8b465ee728b)  -> (artifact id: '4576b50c49d8ee26f01bede8ff673742') in 0.003409 seconds
Number of updated asset objects reloaded before import = 0
Number of asset objects unloaded after import = 58
========================================================================
Received Import Request.
  Time since last request: 39.912257 seconds.
  path: Assets/Prefab/Place Unlocked 5.prefab
  artifactKey: Guid(fbaccf9c2f3e0194ba3c07617f78b069) Importer(815301076,1909f56bfc062723c751e8b465ee728b)
Start importing Assets/Prefab/Place Unlocked 5.prefab using Guid(fbaccf9c2f3e0194ba3c07617f78b069) Importer(815301076,1909f56bfc062723c751e8b465ee728b)  -> (artifact id: 'b92e6badf680f8553d66b3af2859ac22') in 0.003387 seconds
Number of updated asset objects reloaded before import = 0
Number of asset objects unloaded after import = 53
========================================================================
Received Import Request.
  Time since last request: 0.659384 seconds.
  path: Assets/Prefab/Place Unlocked 4.prefab
  artifactKey: Guid(027ba88c868391e48b99912e4b424b93) Importer(815301076,1909f56bfc062723c751e8b465ee728b)
Start importing Assets/Prefab/Place Unlocked 4.prefab using Guid(027ba88c868391e48b99912e4b424b93) Importer(815301076,1909f56bfc062723c751e8b465ee728b)  -> (artifact id: '6b92340a0bb2bb1773b2e2c24e4761ef') in 0.003297 seconds
Number of updated asset objects reloaded before import = 0
Number of asset objects unloaded after import = 53
========================================================================
Received Import Request.
  Time since last request: 0.673336 seconds.
  path: Assets/Prefab/Place Unlocked 3.prefab
  artifactKey: Guid(0b0b8b8aa598dee48852b2e096cc1def) Importer(815301076,1909f56bfc062723c751e8b465ee728b)
Start importing Assets/Prefab/Place Unlocked 3.prefab using Guid(0b0b8b8aa598dee48852b2e096cc1def) Importer(815301076,1909f56bfc062723c751e8b465ee728b)  -> (artifact id: '742e62b95be176c726795d60890128aa') in 0.003503 seconds
Number of updated asset objects reloaded before import = 0
Number of asset objects unloaded after import = 53
========================================================================
Received Import Request.
  Time since last request: 0.957624 seconds.
  path: Assets/Prefab/Place Unlocked 2.prefab
  artifactKey: Guid(86a98ea9be00e034a92949e386547b75) Importer(815301076,1909f56bfc062723c751e8b465ee728b)
Start importing Assets/Prefab/Place Unlocked 2.prefab using Guid(86a98ea9be00e034a92949e386547b75) Importer(815301076,1909f56bfc062723c751e8b465ee728b)  -> (artifact id: 'f750ac30a6c2bef3e593db47c683ab79') in 0.003301 seconds
Number of updated asset objects reloaded before import = 0
Number of asset objects unloaded after import = 53
========================================================================
Received Import Request.
  Time since last request: 22.634160 seconds.
  path: Assets/Prefab/PlaceInfo.prefab
  artifactKey: Guid(f139d69fed06203459703900b05e5c92) Importer(815301076,1909f56bfc062723c751e8b465ee728b)
Start importing Assets/Prefab/PlaceInfo.prefab using Guid(f139d69fed06203459703900b05e5c92) Importer(815301076,1909f56bfc062723c751e8b465ee728b)  -> (artifact id: 'f9c0da025b7d53fff0fdd7506e82f829') in 0.034419 seconds
Number of updated asset objects reloaded before import = 0
Number of asset objects unloaded after import = 101
========================================================================
Received Import Request.
  Time since last request: 2.544894 seconds.
  path: Assets/Prefab/Place Unlocked 6.prefab
  artifactKey: Guid(ff6992a69cc70284fa1f2a635245d747) Importer(815301076,1909f56bfc062723c751e8b465ee728b)
Start importing Assets/Prefab/Place Unlocked 6.prefab using Guid(ff6992a69cc70284fa1f2a635245d747) Importer(815301076,1909f56bfc062723c751e8b465ee728b)  -> (artifact id: '23dd707f38543cc04b5855daef61dd79') in 0.003311 seconds
Number of updated asset objects reloaded before import = 0
Number of asset objects unloaded after import = 53
========================================================================
Received Import Request.
  Time since last request: 8.230577 seconds.
  path: Assets/Prefab/PlaceInfoHolder.prefab
  artifactKey: Guid(f139d69fed06203459703900b05e5c92) Importer(815301076,1909f56bfc062723c751e8b465ee728b)
Start importing Assets/Prefab/PlaceInfoHolder.prefab using Guid(f139d69fed06203459703900b05e5c92) Importer(815301076,1909f56bfc062723c751e8b465ee728b)  -> (artifact id: 'a877253e85b6b94ce7505b6486c93104') in 0.017376 seconds
Number of updated asset objects reloaded before import = 0
Number of asset objects unloaded after import = 101
========================================================================
Received Import Request.
  Time since last request: 430.309298 seconds.
  path: Assets/Prefab/PlaceInfoHolder.prefab
  artifactKey: Guid(f139d69fed06203459703900b05e5c92) Importer(815301076,1909f56bfc062723c751e8b465ee728b)
Start importing Assets/Prefab/PlaceInfoHolder.prefab using Guid(f139d69fed06203459703900b05e5c92) Importer(815301076,1909f56bfc062723c751e8b465ee728b)  -> (artifact id: 'a03dddda749efdbc6fea4b9a331afe07') in 0.018896 seconds
Number of updated asset objects reloaded before import = 0
Number of asset objects unloaded after import = 101
========================================================================
Received Import Request.
  Time since last request: 0.852414 seconds.
  path: Assets/Prefab/PlaceInfoHolder.prefab
  artifactKey: Guid(f139d69fed06203459703900b05e5c92) Importer(815301076,1909f56bfc062723c751e8b465ee728b)
Start importing Assets/Prefab/PlaceInfoHolder.prefab using Guid(f139d69fed06203459703900b05e5c92) Importer(815301076,1909f56bfc062723c751e8b465ee728b)  -> (artifact id: '8a21b37a4e8c31a1a96857e07539fb3d') in 0.018881 seconds
Number of updated asset objects reloaded before import = 0
Number of asset objects unloaded after import = 101
========================================================================
Received Import Request.
  Time since last request: 4.861467 seconds.
  path: Assets/Prefab/PlaceInfoHolder.prefab
  artifactKey: Guid(f139d69fed06203459703900b05e5c92) Importer(815301076,1909f56bfc062723c751e8b465ee728b)
Start importing Assets/Prefab/PlaceInfoHolder.prefab using Guid(f139d69fed06203459703900b05e5c92) Importer(815301076,1909f56bfc062723c751e8b465ee728b)  -> (artifact id: 'c121e19634557d657a4b007e5074435a') in 0.018396 seconds
Number of updated asset objects reloaded before import = 0
Number of asset objects unloaded after import = 101
========================================================================
Received Prepare
Begin MonoManager ReloadAssembly
- Loaded All Assemblies, in  0.407 seconds
Refreshing native plugins compatible for Editor in 3.24 ms, found 3 plugins.
Native extension for UWP target not found
Native extension for WindowsStandalone target not found
Native extension for Android target not found
Native extension for WebGL target not found
[Package Manager] Server::EnsureServerProcessIsRunning -- launch failed, reason: Unity was launched with the -noUpm command-line argument
[Package Manager] UpmClient::Send -- Unable to send message (not connected to UPM process).
[Package Manager] Cannot connect to Unity Package Manager local server
Mono: successfully reloaded assembly
- Finished resetting the current domain, in  0.824 seconds
Domain Reload Profiling: 1229ms
	BeginReloadAssembly (144ms)
		ExecutionOrderSort (0ms)
		DisableScriptedObjects (4ms)
		BackupInstance (0ms)
		ReleaseScriptingObjects (0ms)
		CreateAndSetChildDomain (41ms)
	RebuildCommonClasses (27ms)
	RebuildNativeTypeToScriptingClass (10ms)
	initialDomainReloadingComplete (25ms)
	LoadAllAssembliesAndSetupDomain (199ms)
		LoadAssemblies (251ms)
		RebuildTransferFunctionScriptingTraits (0ms)
		AnalyzeDomain (20ms)
			TypeCache.Refresh (9ms)
				TypeCache.ScanAssembly (1ms)
			ScanForSourceGeneratedMonoScriptInfo (6ms)
			ResolveRequiredComponents (4ms)
	FinalizeReload (824ms)
		ReleaseScriptCaches (0ms)
		RebuildScriptCaches (0ms)
		SetupLoadedEditorAssemblies (473ms)
			LogAssemblyErrors (0ms)
			InitializePlatformSupportModulesInManaged (20ms)
			SetLoadedEditorAssemblies (3ms)
			RefreshPlugins (0ms)
			BeforeProcessingInitializeOnLoad (50ms)
			ProcessInitializeOnLoadAttributes (379ms)
			ProcessInitializeOnLoadMethodAttributes (17ms)
			AfterProcessingInitializeOnLoad (4ms)
			EditorAssembliesLoaded (0ms)
		ExecutionOrderSort2 (0ms)
		AwakeInstancesAfterBackupRestoration (7ms)
Refreshing native plugins compatible for Editor in 5.42 ms, found 3 plugins.
Preloading 0 native plugins for Editor in 0.00 ms.
Unloading 3629 Unused Serialized files (Serialized files now loaded: 0)
Unloading 42 unused Assets / (38.5 KB). Loaded Objects now: 4119.
Memory consumption went from 131.0 MB to 131.0 MB.
Total: 3.984600 ms (FindLiveObjects: 0.407700 ms CreateObjectMapping: 0.305600 ms MarkObjects: 3.210800 ms  DeleteObjects: 0.059400 ms)

Prepare: number of updated asset objects reloaded= 0
AssetImportParameters requested are different than current active one (requested -> active):
  custom:container-demuxer-ogg: 62fdf1f143b41e24485cea50d1cbac27 -> 
  custom:video-decoder-ogg-theora: a1e56fd34408186e4bbccfd4996cb3dc -> 
  custom:framework-win-MediaFoundation: 216162199b28c13a410421893ffa2e32 -> 
  custom:CustomObjectIndexerAttribute: 756ad292c208cfabdd7b50bc23989ffe -> 
  custom:container-demuxer-webm: 4f35f7cbe854078d1ac9338744f61a02 -> 
  custom:container-muxer-webm: aa71ff27fc2769a1b78a27578f13a17b -> 
  custom:video-decoder-webm-vp8: 9c59270c3fd7afecdb556c50c9e8de78 -> 
  custom:SearchIndexIgnoredProperties: e643bd26f0fe6173181afceb89e7c659 -> 
  custom:AudioImporter_EditorPlatform: d09bf68614088b80899f8185d706f6e7 -> 
  custom:scripting/monoscript/fileName/PlaceInfoHolder.cs: 5115a02278b92b7496a0da728eef9f39 -> fbad39f7dbb99a38806bb6707ecad518
  custom:video-encoder-webm-vp8: eb34c28f22e8b96e1ab97ce403110664 -> 
  custom:audio-decoder-ogg-vorbis: bf7c407c2cedff20999df2af8eb42d56 -> 
  custom:audio-encoder-webm-vorbis: bf7c407c2cedff20999df2af8eb42d56 -> 
========================================================================
Received Import Request.
  Time since last request: 336.421257 seconds.
  path: Assets/Prefab/PlaceInfoHolder.prefab
  artifactKey: Guid(f139d69fed06203459703900b05e5c92) Importer(815301076,1909f56bfc062723c751e8b465ee728b)
Start importing Assets/Prefab/PlaceInfoHolder.prefab using Guid(f139d69fed06203459703900b05e5c92) Importer(815301076,1909f56bfc062723c751e8b465ee728b)  -> (artifact id: 'b60388fbd5fa61b9070bb507af0d408c') in 0.056502 seconds
Number of updated asset objects reloaded before import = 0
Number of asset objects unloaded after import = 101
========================================================================
Received Prepare
Begin MonoManager ReloadAssembly
- Loaded All Assemblies, in  0.375 seconds
Refreshing native plugins compatible for Editor in 3.18 ms, found 3 plugins.
Native extension for UWP target not found
Native extension for WindowsStandalone target not found
Native extension for Android target not found
Native extension for WebGL target not found
[Package Manager] Server::EnsureServerProcessIsRunning -- launch failed, reason: Unity was launched with the -noUpm command-line argument
[Package Manager] UpmClient::Send -- Unable to send message (not connected to UPM process).
[Package Manager] Cannot connect to Unity Package Manager local server
Mono: successfully reloaded assembly
- Finished resetting the current domain, in  0.821 seconds
Domain Reload Profiling: 1195ms
	BeginReloadAssembly (125ms)
		ExecutionOrderSort (0ms)
		DisableScriptedObjects (4ms)
		BackupInstance (0ms)
		ReleaseScriptingObjects (0ms)
		CreateAndSetChildDomain (32ms)
	RebuildCommonClasses (26ms)
	RebuildNativeTypeToScriptingClass (9ms)
	initialDomainReloadingComplete (23ms)
	LoadAllAssembliesAndSetupDomain (189ms)
		LoadAssemblies (233ms)
		RebuildTransferFunctionScriptingTraits (0ms)
		AnalyzeDomain (19ms)
			TypeCache.Refresh (9ms)
				TypeCache.ScanAssembly (1ms)
			ScanForSourceGeneratedMonoScriptInfo (6ms)
			ResolveRequiredComponents (4ms)
	FinalizeReload (822ms)
		ReleaseScriptCaches (0ms)
		RebuildScriptCaches (0ms)
		SetupLoadedEditorAssemblies (473ms)
			LogAssemblyErrors (0ms)
			InitializePlatformSupportModulesInManaged (21ms)
			SetLoadedEditorAssemblies (3ms)
			RefreshPlugins (0ms)
			BeforeProcessingInitializeOnLoad (52ms)
			ProcessInitializeOnLoadAttributes (372ms)
			ProcessInitializeOnLoadMethodAttributes (21ms)
			AfterProcessingInitializeOnLoad (5ms)
			EditorAssembliesLoaded (0ms)
		ExecutionOrderSort2 (0ms)
		AwakeInstancesAfterBackupRestoration (7ms)
Refreshing native plugins compatible for Editor in 4.76 ms, found 3 plugins.
Preloading 0 native plugins for Editor in 0.00 ms.
Unloading 3629 Unused Serialized files (Serialized files now loaded: 0)
Unloading 42 unused Assets / (38.5 KB). Loaded Objects now: 4123.
Memory consumption went from 131.0 MB to 131.0 MB.
Total: 2.686100 ms (FindLiveObjects: 0.278500 ms CreateObjectMapping: 0.194400 ms MarkObjects: 2.165000 ms  DeleteObjects: 0.047800 ms)

Prepare: number of updated asset objects reloaded= 0
AssetImportParameters requested are different than current active one (requested -> active):
  custom:container-demuxer-ogg: 62fdf1f143b41e24485cea50d1cbac27 -> 
  custom:video-decoder-ogg-theora: a1e56fd34408186e4bbccfd4996cb3dc -> 
  custom:framework-win-MediaFoundation: 216162199b28c13a410421893ffa2e32 -> 
  custom:CustomObjectIndexerAttribute: 756ad292c208cfabdd7b50bc23989ffe -> 
  custom:container-demuxer-webm: 4f35f7cbe854078d1ac9338744f61a02 -> 
  custom:container-muxer-webm: aa71ff27fc2769a1b78a27578f13a17b -> 
  custom:video-decoder-webm-vp8: 9c59270c3fd7afecdb556c50c9e8de78 -> 
  custom:SearchIndexIgnoredProperties: e643bd26f0fe6173181afceb89e7c659 -> 
  custom:AudioImporter_EditorPlatform: d09bf68614088b80899f8185d706f6e7 -> 
  custom:scripting/monoscript/fileName/PlaceInfoHolder.cs: 5115a02278b92b7496a0da728eef9f39 -> fbad39f7dbb99a38806bb6707ecad518
  custom:video-encoder-webm-vp8: eb34c28f22e8b96e1ab97ce403110664 -> 
  custom:audio-decoder-ogg-vorbis: bf7c407c2cedff20999df2af8eb42d56 -> 
  custom:audio-encoder-webm-vorbis: bf7c407c2cedff20999df2af8eb42d56 -> 
========================================================================
Received Prepare
Begin MonoManager ReloadAssembly
- Loaded All Assemblies, in  0.373 seconds
Refreshing native plugins compatible for Editor in 3.21 ms, found 3 plugins.
Native extension for UWP target not found
Native extension for WindowsStandalone target not found
Native extension for Android target not found
Native extension for WebGL target not found
[Package Manager] Server::EnsureServerProcessIsRunning -- launch failed, reason: Unity was launched with the -noUpm command-line argument
[Package Manager] UpmClient::Send -- Unable to send message (not connected to UPM process).
[Package Manager] Cannot connect to Unity Package Manager local server
Mono: successfully reloaded assembly
- Finished resetting the current domain, in  0.831 seconds
Domain Reload Profiling: 1202ms
	BeginReloadAssembly (128ms)
		ExecutionOrderSort (0ms)
		DisableScriptedObjects (5ms)
		BackupInstance (0ms)
		ReleaseScriptingObjects (0ms)
		CreateAndSetChildDomain (29ms)
	RebuildCommonClasses (26ms)
	RebuildNativeTypeToScriptingClass (9ms)
	initialDomainReloadingComplete (24ms)
	LoadAllAssembliesAndSetupDomain (184ms)
		LoadAssemblies (233ms)
		RebuildTransferFunctionScriptingTraits (0ms)
		AnalyzeDomain (19ms)
			TypeCache.Refresh (9ms)
				TypeCache.ScanAssembly (1ms)
			ScanForSourceGeneratedMonoScriptInfo (6ms)
			ResolveRequiredComponents (4ms)
	FinalizeReload (831ms)
		ReleaseScriptCaches (0ms)
		RebuildScriptCaches (0ms)
		SetupLoadedEditorAssemblies (491ms)
			LogAssemblyErrors (0ms)
			InitializePlatformSupportModulesInManaged (21ms)
			SetLoadedEditorAssemblies (3ms)
			RefreshPlugins (0ms)
			BeforeProcessingInitializeOnLoad (51ms)
			ProcessInitializeOnLoadAttributes (394ms)
			ProcessInitializeOnLoadMethodAttributes (17ms)
			AfterProcessingInitializeOnLoad (5ms)
			EditorAssembliesLoaded (0ms)
		ExecutionOrderSort2 (0ms)
		AwakeInstancesAfterBackupRestoration (7ms)
Refreshing native plugins compatible for Editor in 4.81 ms, found 3 plugins.
Preloading 0 native plugins for Editor in 0.00 ms.
Unloading 3630 Unused Serialized files (Serialized files now loaded: 0)
Unloading 39 unused Assets / (36.2 KB). Loaded Objects now: 4127.
Memory consumption went from 131.3 MB to 131.2 MB.
Total: 2.485200 ms (FindLiveObjects: 0.228800 ms CreateObjectMapping: 0.198400 ms MarkObjects: 2.018300 ms  DeleteObjects: 0.039300 ms)

Prepare: number of updated asset objects reloaded= 0
AssetImportParameters requested are different than current active one (requested -> active):
  custom:container-demuxer-ogg: 62fdf1f143b41e24485cea50d1cbac27 -> 
  custom:video-decoder-ogg-theora: a1e56fd34408186e4bbccfd4996cb3dc -> 
  custom:framework-win-MediaFoundation: 216162199b28c13a410421893ffa2e32 -> 
  custom:CustomObjectIndexerAttribute: 756ad292c208cfabdd7b50bc23989ffe -> 
  custom:container-demuxer-webm: 4f35f7cbe854078d1ac9338744f61a02 -> 
  custom:container-muxer-webm: aa71ff27fc2769a1b78a27578f13a17b -> 
  custom:video-decoder-webm-vp8: 9c59270c3fd7afecdb556c50c9e8de78 -> 
  custom:SearchIndexIgnoredProperties: e643bd26f0fe6173181afceb89e7c659 -> 
  custom:AudioImporter_EditorPlatform: d09bf68614088b80899f8185d706f6e7 -> 
  custom:scripting/monoscript/fileName/PlaceInfoHolder.cs: 5115a02278b92b7496a0da728eef9f39 -> fbad39f7dbb99a38806bb6707ecad518
  custom:video-encoder-webm-vp8: eb34c28f22e8b96e1ab97ce403110664 -> 
  custom:audio-decoder-ogg-vorbis: bf7c407c2cedff20999df2af8eb42d56 -> 
  custom:audio-encoder-webm-vorbis: bf7c407c2cedff20999df2af8eb42d56 -> 
========================================================================
Received Prepare
Begin MonoManager ReloadAssembly
- Loaded All Assemblies, in  0.380 seconds
Refreshing native plugins compatible for Editor in 3.07 ms, found 3 plugins.
Native extension for UWP target not found
Native extension for WindowsStandalone target not found
Native extension for Android target not found
Native extension for WebGL target not found
[Package Manager] Server::EnsureServerProcessIsRunning -- launch failed, reason: Unity was launched with the -noUpm command-line argument
[Package Manager] UpmClient::Send -- Unable to send message (not connected to UPM process).
[Package Manager] Cannot connect to Unity Package Manager local server
Mono: successfully reloaded assembly
- Finished resetting the current domain, in  0.812 seconds
Domain Reload Profiling: 1188ms
	BeginReloadAssembly (125ms)
		ExecutionOrderSort (0ms)
		DisableScriptedObjects (5ms)
		BackupInstance (0ms)
		ReleaseScriptingObjects (0ms)
		CreateAndSetChildDomain (30ms)
	RebuildCommonClasses (26ms)
	RebuildNativeTypeToScriptingClass (9ms)
	initialDomainReloadingComplete (26ms)
	LoadAllAssembliesAndSetupDomain (191ms)
		LoadAssemblies (235ms)
		RebuildTransferFunctionScriptingTraits (0ms)
		AnalyzeDomain (20ms)
			TypeCache.Refresh (9ms)
				TypeCache.ScanAssembly (1ms)
			ScanForSourceGeneratedMonoScriptInfo (6ms)
			ResolveRequiredComponents (4ms)
	FinalizeReload (812ms)
		ReleaseScriptCaches (0ms)
		RebuildScriptCaches (0ms)
		SetupLoadedEditorAssemblies (483ms)
			LogAssemblyErrors (0ms)
			InitializePlatformSupportModulesInManaged (20ms)
			SetLoadedEditorAssemblies (3ms)
			RefreshPlugins (0ms)
			BeforeProcessingInitializeOnLoad (51ms)
			ProcessInitializeOnLoadAttributes (389ms)
			ProcessInitializeOnLoadMethodAttributes (18ms)
			AfterProcessingInitializeOnLoad (4ms)
			EditorAssembliesLoaded (0ms)
		ExecutionOrderSort2 (0ms)
		AwakeInstancesAfterBackupRestoration (7ms)
Refreshing native plugins compatible for Editor in 5.32 ms, found 3 plugins.
Preloading 0 native plugins for Editor in 0.00 ms.
Unloading 3630 Unused Serialized files (Serialized files now loaded: 0)
Unloading 39 unused Assets / (36.2 KB). Loaded Objects now: 4131.
Memory consumption went from 131.3 MB to 131.3 MB.
Total: 4.265400 ms (FindLiveObjects: 0.415000 ms CreateObjectMapping: 0.362800 ms MarkObjects: 3.412700 ms  DeleteObjects: 0.073700 ms)

Prepare: number of updated asset objects reloaded= 0
AssetImportParameters requested are different than current active one (requested -> active):
  custom:container-demuxer-ogg: 62fdf1f143b41e24485cea50d1cbac27 -> 
  custom:video-decoder-ogg-theora: a1e56fd34408186e4bbccfd4996cb3dc -> 
  custom:framework-win-MediaFoundation: 216162199b28c13a410421893ffa2e32 -> 
  custom:CustomObjectIndexerAttribute: 756ad292c208cfabdd7b50bc23989ffe -> 
  custom:container-demuxer-webm: 4f35f7cbe854078d1ac9338744f61a02 -> 
  custom:container-muxer-webm: aa71ff27fc2769a1b78a27578f13a17b -> 
  custom:video-decoder-webm-vp8: 9c59270c3fd7afecdb556c50c9e8de78 -> 
  custom:SearchIndexIgnoredProperties: e643bd26f0fe6173181afceb89e7c659 -> 
  custom:AudioImporter_EditorPlatform: d09bf68614088b80899f8185d706f6e7 -> 
  custom:scripting/monoscript/fileName/PlaceInfoHolder.cs: 5115a02278b92b7496a0da728eef9f39 -> fbad39f7dbb99a38806bb6707ecad518
  custom:video-encoder-webm-vp8: eb34c28f22e8b96e1ab97ce403110664 -> 
  custom:audio-decoder-ogg-vorbis: bf7c407c2cedff20999df2af8eb42d56 -> 
  custom:audio-encoder-webm-vorbis: bf7c407c2cedff20999df2af8eb42d56 -> 
========================================================================
Received Prepare
Begin MonoManager ReloadAssembly
- Loaded All Assemblies, in  0.371 seconds
Refreshing native plugins compatible for Editor in 3.20 ms, found 3 plugins.
Native extension for UWP target not found
Native extension for WindowsStandalone target not found
Native extension for Android target not found
Native extension for WebGL target not found
[Package Manager] Server::EnsureServerProcessIsRunning -- launch failed, reason: Unity was launched with the -noUpm command-line argument
[Package Manager] UpmClient::Send -- Unable to send message (not connected to UPM process).
[Package Manager] Cannot connect to Unity Package Manager local server
Mono: successfully reloaded assembly
- Finished resetting the current domain, in  0.816 seconds
Domain Reload Profiling: 1185ms
	BeginReloadAssembly (121ms)
		ExecutionOrderSort (0ms)
		DisableScriptedObjects (5ms)
		BackupInstance (0ms)
		ReleaseScriptingObjects (0ms)
		CreateAndSetChildDomain (28ms)
	RebuildCommonClasses (26ms)
	RebuildNativeTypeToScriptingClass (11ms)
	initialDomainReloadingComplete (23ms)
	LoadAllAssembliesAndSetupDomain (187ms)
		LoadAssemblies (230ms)
		RebuildTransferFunctionScriptingTraits (0ms)
		AnalyzeDomain (20ms)
			TypeCache.Refresh (9ms)
				TypeCache.ScanAssembly (1ms)
			ScanForSourceGeneratedMonoScriptInfo (6ms)
			ResolveRequiredComponents (4ms)
	FinalizeReload (816ms)
		ReleaseScriptCaches (0ms)
		RebuildScriptCaches (0ms)
		SetupLoadedEditorAssemblies (480ms)
			LogAssemblyErrors (0ms)
			InitializePlatformSupportModulesInManaged (21ms)
			SetLoadedEditorAssemblies (3ms)
			RefreshPlugins (0ms)
			BeforeProcessingInitializeOnLoad (51ms)
			ProcessInitializeOnLoadAttributes (382ms)
			ProcessInitializeOnLoadMethodAttributes (18ms)
			AfterProcessingInitializeOnLoad (5ms)
			EditorAssembliesLoaded (0ms)
		ExecutionOrderSort2 (0ms)
		AwakeInstancesAfterBackupRestoration (7ms)
Refreshing native plugins compatible for Editor in 5.02 ms, found 3 plugins.
Preloading 0 native plugins for Editor in 0.00 ms.
Unloading 3630 Unused Serialized files (Serialized files now loaded: 0)
Unloading 39 unused Assets / (36.1 KB). Loaded Objects now: 4135.
Memory consumption went from 131.3 MB to 131.3 MB.
Total: 2.971400 ms (FindLiveObjects: 0.317200 ms CreateObjectMapping: 0.274700 ms MarkObjects: 2.336900 ms  DeleteObjects: 0.042000 ms)

Prepare: number of updated asset objects reloaded= 0
AssetImportParameters requested are different than current active one (requested -> active):
  custom:container-demuxer-ogg: 62fdf1f143b41e24485cea50d1cbac27 -> 
  custom:video-decoder-ogg-theora: a1e56fd34408186e4bbccfd4996cb3dc -> 
  custom:framework-win-MediaFoundation: 216162199b28c13a410421893ffa2e32 -> 
  custom:CustomObjectIndexerAttribute: 756ad292c208cfabdd7b50bc23989ffe -> 
  custom:container-demuxer-webm: 4f35f7cbe854078d1ac9338744f61a02 -> 
  custom:container-muxer-webm: aa71ff27fc2769a1b78a27578f13a17b -> 
  custom:video-decoder-webm-vp8: 9c59270c3fd7afecdb556c50c9e8de78 -> 
  custom:SearchIndexIgnoredProperties: e643bd26f0fe6173181afceb89e7c659 -> 
  custom:AudioImporter_EditorPlatform: d09bf68614088b80899f8185d706f6e7 -> 
  custom:scripting/monoscript/fileName/PlaceInfoHolder.cs: 5115a02278b92b7496a0da728eef9f39 -> fbad39f7dbb99a38806bb6707ecad518
  custom:video-encoder-webm-vp8: eb34c28f22e8b96e1ab97ce403110664 -> 
  custom:audio-decoder-ogg-vorbis: bf7c407c2cedff20999df2af8eb42d56 -> 
  custom:audio-encoder-webm-vorbis: bf7c407c2cedff20999df2af8eb42d56 -> 
========================================================================
Received Import Request.
  Time since last request: 747.430832 seconds.
  path: Assets/Prefab/PlaceInfoHolder.prefab
  artifactKey: Guid(f139d69fed06203459703900b05e5c92) Importer(815301076,1909f56bfc062723c751e8b465ee728b)
Start importing Assets/Prefab/PlaceInfoHolder.prefab using Guid(f139d69fed06203459703900b05e5c92) Importer(815301076,1909f56bfc062723c751e8b465ee728b)  -> (artifact id: '81d94d213b65a59cb08aa15f102c9362') in 0.055150 seconds
Number of updated asset objects reloaded before import = 0
Number of asset objects unloaded after import = 101
========================================================================
Received Import Request.
  Time since last request: 31.884317 seconds.
  path: Assets/Prefab/PlaceInfoHolder.prefab
  artifactKey: Guid(f139d69fed06203459703900b05e5c92) Importer(815301076,1909f56bfc062723c751e8b465ee728b)
Start importing Assets/Prefab/PlaceInfoHolder.prefab using Guid(f139d69fed06203459703900b05e5c92) Importer(815301076,1909f56bfc062723c751e8b465ee728b)  -> (artifact id: '722b0c1b4b1d4b84d4682d72cbc51302') in 0.017258 seconds
Number of updated asset objects reloaded before import = 0
Number of asset objects unloaded after import = 101
========================================================================
Received Import Request.
  Time since last request: 31.636332 seconds.
  path: Assets/Prefab/PlaceInfoHolder.prefab
  artifactKey: Guid(f139d69fed06203459703900b05e5c92) Importer(815301076,1909f56bfc062723c751e8b465ee728b)
Start importing Assets/Prefab/PlaceInfoHolder.prefab using Guid(f139d69fed06203459703900b05e5c92) Importer(815301076,1909f56bfc062723c751e8b465ee728b)  -> (artifact id: '1438e96b7ceeff38ed124fa9c4200e96') in 0.025608 seconds
Number of updated asset objects reloaded before import = 0
Number of asset objects unloaded after import = 652
========================================================================
Received Prepare
Begin MonoManager ReloadAssembly
- Loaded All Assemblies, in  0.382 seconds
Refreshing native plugins compatible for Editor in 2.97 ms, found 3 plugins.
Native extension for UWP target not found
Native extension for WindowsStandalone target not found
Native extension for Android target not found
Native extension for WebGL target not found
[Package Manager] Server::EnsureServerProcessIsRunning -- launch failed, reason: Unity was launched with the -noUpm command-line argument
[Package Manager] UpmClient::Send -- Unable to send message (not connected to UPM process).
[Package Manager] Cannot connect to Unity Package Manager local server
Mono: successfully reloaded assembly
- Finished resetting the current domain, in  0.806 seconds
Domain Reload Profiling: 1186ms
	BeginReloadAssembly (137ms)
		ExecutionOrderSort (0ms)
		DisableScriptedObjects (4ms)
		BackupInstance (0ms)
		ReleaseScriptingObjects (0ms)
		CreateAndSetChildDomain (35ms)
	RebuildCommonClasses (30ms)
	RebuildNativeTypeToScriptingClass (9ms)
	initialDomainReloadingComplete (24ms)
	LoadAllAssembliesAndSetupDomain (180ms)
		LoadAssemblies (233ms)
		RebuildTransferFunctionScriptingTraits (0ms)
		AnalyzeDomain (20ms)
			TypeCache.Refresh (9ms)
				TypeCache.ScanAssembly (1ms)
			ScanForSourceGeneratedMonoScriptInfo (6ms)
			ResolveRequiredComponents (4ms)
	FinalizeReload (807ms)
		ReleaseScriptCaches (0ms)
		RebuildScriptCaches (0ms)
		SetupLoadedEditorAssemblies (476ms)
			LogAssemblyErrors (0ms)
			InitializePlatformSupportModulesInManaged (21ms)
			SetLoadedEditorAssemblies (3ms)
			RefreshPlugins (0ms)
			BeforeProcessingInitializeOnLoad (51ms)
			ProcessInitializeOnLoadAttributes (381ms)
			ProcessInitializeOnLoadMethodAttributes (17ms)
			AfterProcessingInitializeOnLoad (5ms)
			EditorAssembliesLoaded (0ms)
		ExecutionOrderSort2 (0ms)
		AwakeInstancesAfterBackupRestoration (7ms)
Refreshing native plugins compatible for Editor in 5.14 ms, found 3 plugins.
Preloading 0 native plugins for Editor in 0.00 ms.
Unloading 3629 Unused Serialized files (Serialized files now loaded: 0)
Unloading 42 unused Assets / (38.5 KB). Loaded Objects now: 4139.
Memory consumption went from 131.1 MB to 131.0 MB.
Total: 3.987200 ms (FindLiveObjects: 0.351800 ms CreateObjectMapping: 0.380200 ms MarkObjects: 3.185700 ms  DeleteObjects: 0.068500 ms)

Prepare: number of updated asset objects reloaded= 0
AssetImportParameters requested are different than current active one (requested -> active):
  custom:container-demuxer-ogg: 62fdf1f143b41e24485cea50d1cbac27 -> 
  custom:video-decoder-ogg-theora: a1e56fd34408186e4bbccfd4996cb3dc -> 
  custom:framework-win-MediaFoundation: 216162199b28c13a410421893ffa2e32 -> 
  custom:CustomObjectIndexerAttribute: 756ad292c208cfabdd7b50bc23989ffe -> 
  custom:container-demuxer-webm: 4f35f7cbe854078d1ac9338744f61a02 -> 
  custom:container-muxer-webm: aa71ff27fc2769a1b78a27578f13a17b -> 
  custom:video-decoder-webm-vp8: 9c59270c3fd7afecdb556c50c9e8de78 -> 
  custom:SearchIndexIgnoredProperties: e643bd26f0fe6173181afceb89e7c659 -> 
  custom:AudioImporter_EditorPlatform: d09bf68614088b80899f8185d706f6e7 -> 
  custom:scripting/monoscript/fileName/PlaceInfoHolder.cs: 5115a02278b92b7496a0da728eef9f39 -> fbad39f7dbb99a38806bb6707ecad518
  custom:video-encoder-webm-vp8: eb34c28f22e8b96e1ab97ce403110664 -> 
  custom:audio-decoder-ogg-vorbis: bf7c407c2cedff20999df2af8eb42d56 -> 
  custom:audio-encoder-webm-vorbis: bf7c407c2cedff20999df2af8eb42d56 -> 
========================================================================
Received Prepare
Begin MonoManager ReloadAssembly
- Loaded All Assemblies, in  0.368 seconds
Refreshing native plugins compatible for Editor in 2.95 ms, found 3 plugins.
Native extension for UWP target not found
Native extension for WindowsStandalone target not found
Native extension for Android target not found
Native extension for WebGL target not found
[Package Manager] Server::EnsureServerProcessIsRunning -- launch failed, reason: Unity was launched with the -noUpm command-line argument
[Package Manager] UpmClient::Send -- Unable to send message (not connected to UPM process).
[Package Manager] Cannot connect to Unity Package Manager local server
Mono: successfully reloaded assembly
- Finished resetting the current domain, in  0.849 seconds
Domain Reload Profiling: 1215ms
	BeginReloadAssembly (122ms)
		ExecutionOrderSort (0ms)
		DisableScriptedObjects (5ms)
		BackupInstance (0ms)
		ReleaseScriptingObjects (0ms)
		CreateAndSetChildDomain (29ms)
	RebuildCommonClasses (26ms)
	RebuildNativeTypeToScriptingClass (9ms)
	initialDomainReloadingComplete (24ms)
	LoadAllAssembliesAndSetupDomain (183ms)
		LoadAssemblies (226ms)
		RebuildTransferFunctionScriptingTraits (0ms)
		AnalyzeDomain (20ms)
			TypeCache.Refresh (9ms)
				TypeCache.ScanAssembly (1ms)
			ScanForSourceGeneratedMonoScriptInfo (6ms)
			ResolveRequiredComponents (4ms)
	FinalizeReload (849ms)
		ReleaseScriptCaches (0ms)
		RebuildScriptCaches (0ms)
		SetupLoadedEditorAssemblies (508ms)
			LogAssemblyErrors (0ms)
			InitializePlatformSupportModulesInManaged (21ms)
			SetLoadedEditorAssemblies (3ms)
			RefreshPlugins (0ms)
			BeforeProcessingInitializeOnLoad (53ms)
			ProcessInitializeOnLoadAttributes (409ms)
			ProcessInitializeOnLoadMethodAttributes (18ms)
			AfterProcessingInitializeOnLoad (5ms)
			EditorAssembliesLoaded (0ms)
		ExecutionOrderSort2 (0ms)
		AwakeInstancesAfterBackupRestoration (7ms)
Refreshing native plugins compatible for Editor in 4.84 ms, found 3 plugins.
Preloading 0 native plugins for Editor in 0.00 ms.
Unloading 3630 Unused Serialized files (Serialized files now loaded: 0)
Unloading 39 unused Assets / (36.2 KB). Loaded Objects now: 4143.
Memory consumption went from 131.3 MB to 131.3 MB.
Total: 2.654300 ms (FindLiveObjects: 0.229100 ms CreateObjectMapping: 0.180000 ms MarkObjects: 2.208300 ms  DeleteObjects: 0.036200 ms)

Prepare: number of updated asset objects reloaded= 0
AssetImportParameters requested are different than current active one (requested -> active):
  custom:container-demuxer-ogg: 62fdf1f143b41e24485cea50d1cbac27 -> 
  custom:video-decoder-ogg-theora: a1e56fd34408186e4bbccfd4996cb3dc -> 
  custom:framework-win-MediaFoundation: 216162199b28c13a410421893ffa2e32 -> 
  custom:CustomObjectIndexerAttribute: 756ad292c208cfabdd7b50bc23989ffe -> 
  custom:container-demuxer-webm: 4f35f7cbe854078d1ac9338744f61a02 -> 
  custom:container-muxer-webm: aa71ff27fc2769a1b78a27578f13a17b -> 
  custom:video-decoder-webm-vp8: 9c59270c3fd7afecdb556c50c9e8de78 -> 
  custom:SearchIndexIgnoredProperties: e643bd26f0fe6173181afceb89e7c659 -> 
  custom:AudioImporter_EditorPlatform: d09bf68614088b80899f8185d706f6e7 -> 
  custom:scripting/monoscript/fileName/PlaceInfoHolder.cs: 5115a02278b92b7496a0da728eef9f39 -> fbad39f7dbb99a38806bb6707ecad518
  custom:video-encoder-webm-vp8: eb34c28f22e8b96e1ab97ce403110664 -> 
  custom:audio-decoder-ogg-vorbis: bf7c407c2cedff20999df2af8eb42d56 -> 
  custom:audio-encoder-webm-vorbis: bf7c407c2cedff20999df2af8eb42d56 -> 
========================================================================
Received Prepare
Begin MonoManager ReloadAssembly
- Loaded All Assemblies, in  0.399 seconds
Refreshing native plugins compatible for Editor in 2.98 ms, found 3 plugins.
Native extension for UWP target not found
Native extension for WindowsStandalone target not found
Native extension for Android target not found
Native extension for WebGL target not found
[Package Manager] Server::EnsureServerProcessIsRunning -- launch failed, reason: Unity was launched with the -noUpm command-line argument
[Package Manager] UpmClient::Send -- Unable to send message (not connected to UPM process).
[Package Manager] Cannot connect to Unity Package Manager local server
Mono: successfully reloaded assembly
- Finished resetting the current domain, in  0.795 seconds
Domain Reload Profiling: 1192ms
	BeginReloadAssembly (140ms)
		ExecutionOrderSort (0ms)
		DisableScriptedObjects (5ms)
		BackupInstance (0ms)
		ReleaseScriptingObjects (0ms)
		CreateAndSetChildDomain (30ms)
	RebuildCommonClasses (26ms)
	RebuildNativeTypeToScriptingClass (9ms)
	initialDomainReloadingComplete (23ms)
	LoadAllAssembliesAndSetupDomain (198ms)
		LoadAssemblies (258ms)
		RebuildTransferFunctionScriptingTraits (0ms)
		AnalyzeDomain (19ms)
			TypeCache.Refresh (9ms)
				TypeCache.ScanAssembly (1ms)
			ScanForSourceGeneratedMonoScriptInfo (6ms)
			ResolveRequiredComponents (4ms)
	FinalizeReload (795ms)
		ReleaseScriptCaches (0ms)
		RebuildScriptCaches (0ms)
		SetupLoadedEditorAssemblies (469ms)
			LogAssemblyErrors (0ms)
			InitializePlatformSupportModulesInManaged (20ms)
			SetLoadedEditorAssemblies (3ms)
			RefreshPlugins (0ms)
			BeforeProcessingInitializeOnLoad (51ms)
			ProcessInitializeOnLoadAttributes (371ms)
			ProcessInitializeOnLoadMethodAttributes (19ms)
			AfterProcessingInitializeOnLoad (5ms)
			EditorAssembliesLoaded (0ms)
		ExecutionOrderSort2 (0ms)
		AwakeInstancesAfterBackupRestoration (7ms)
Refreshing native plugins compatible for Editor in 5.22 ms, found 3 plugins.
Preloading 0 native plugins for Editor in 0.00 ms.
Unloading 3630 Unused Serialized files (Serialized files now loaded: 0)
Unloading 39 unused Assets / (37.3 KB). Loaded Objects now: 4147.
Memory consumption went from 131.3 MB to 131.3 MB.
Total: 2.892800 ms (FindLiveObjects: 0.282100 ms CreateObjectMapping: 0.259200 ms MarkObjects: 2.301000 ms  DeleteObjects: 0.049600 ms)

Prepare: number of updated asset objects reloaded= 0
AssetImportParameters requested are different than current active one (requested -> active):
  custom:container-demuxer-ogg: 62fdf1f143b41e24485cea50d1cbac27 -> 
  custom:video-decoder-ogg-theora: a1e56fd34408186e4bbccfd4996cb3dc -> 
  custom:framework-win-MediaFoundation: 216162199b28c13a410421893ffa2e32 -> 
  custom:CustomObjectIndexerAttribute: 756ad292c208cfabdd7b50bc23989ffe -> 
  custom:container-demuxer-webm: 4f35f7cbe854078d1ac9338744f61a02 -> 
  custom:container-muxer-webm: aa71ff27fc2769a1b78a27578f13a17b -> 
  custom:video-decoder-webm-vp8: 9c59270c3fd7afecdb556c50c9e8de78 -> 
  custom:SearchIndexIgnoredProperties: e643bd26f0fe6173181afceb89e7c659 -> 
  custom:AudioImporter_EditorPlatform: d09bf68614088b80899f8185d706f6e7 -> 
  custom:scripting/monoscript/fileName/PlaceInfoHolder.cs: 5115a02278b92b7496a0da728eef9f39 -> fbad39f7dbb99a38806bb6707ecad518
  custom:video-encoder-webm-vp8: eb34c28f22e8b96e1ab97ce403110664 -> 
  custom:audio-decoder-ogg-vorbis: bf7c407c2cedff20999df2af8eb42d56 -> 
  custom:audio-encoder-webm-vorbis: bf7c407c2cedff20999df2af8eb42d56 -> 
========================================================================
Received Prepare
Begin MonoManager ReloadAssembly
- Loaded All Assemblies, in  0.365 seconds
Refreshing native plugins compatible for Editor in 3.16 ms, found 3 plugins.
Native extension for UWP target not found
Native extension for WindowsStandalone target not found
Native extension for Android target not found
Native extension for WebGL target not found
[Package Manager] Server::EnsureServerProcessIsRunning -- launch failed, reason: Unity was launched with the -noUpm command-line argument
[Package Manager] UpmClient::Send -- Unable to send message (not connected to UPM process).
[Package Manager] Cannot connect to Unity Package Manager local server
Mono: successfully reloaded assembly
- Finished resetting the current domain, in  0.823 seconds
Domain Reload Profiling: 1186ms
	BeginReloadAssembly (121ms)
		ExecutionOrderSort (0ms)
		DisableScriptedObjects (5ms)
		BackupInstance (0ms)
		ReleaseScriptingObjects (0ms)
		CreateAndSetChildDomain (29ms)
	RebuildCommonClasses (26ms)
	RebuildNativeTypeToScriptingClass (10ms)
	initialDomainReloadingComplete (26ms)
	LoadAllAssembliesAndSetupDomain (180ms)
		LoadAssemblies (221ms)
		RebuildTransferFunctionScriptingTraits (0ms)
		AnalyzeDomain (21ms)
			TypeCache.Refresh (9ms)
				TypeCache.ScanAssembly (1ms)
			ScanForSourceGeneratedMonoScriptInfo (6ms)
			ResolveRequiredComponents (4ms)
	FinalizeReload (823ms)
		ReleaseScriptCaches (0ms)
		RebuildScriptCaches (0ms)
		SetupLoadedEditorAssemblies (487ms)
			LogAssemblyErrors (0ms)
			InitializePlatformSupportModulesInManaged (20ms)
			SetLoadedEditorAssemblies (3ms)
			RefreshPlugins (0ms)
			BeforeProcessingInitializeOnLoad (54ms)
			ProcessInitializeOnLoadAttributes (388ms)
			ProcessInitializeOnLoadMethodAttributes (18ms)
			AfterProcessingInitializeOnLoad (5ms)
			EditorAssembliesLoaded (0ms)
		ExecutionOrderSort2 (0ms)
		AwakeInstancesAfterBackupRestoration (6ms)
Refreshing native plugins compatible for Editor in 4.41 ms, found 3 plugins.
Preloading 0 native plugins for Editor in 0.00 ms.
Unloading 3630 Unused Serialized files (Serialized files now loaded: 0)
Unloading 39 unused Assets / (36.3 KB). Loaded Objects now: 4151.
Memory consumption went from 131.3 MB to 131.3 MB.
Total: 3.048200 ms (FindLiveObjects: 0.253900 ms CreateObjectMapping: 0.232000 ms MarkObjects: 2.502500 ms  DeleteObjects: 0.059100 ms)

Prepare: number of updated asset objects reloaded= 0
AssetImportParameters requested are different than current active one (requested -> active):
  custom:container-demuxer-ogg: 62fdf1f143b41e24485cea50d1cbac27 -> 
  custom:video-decoder-ogg-theora: a1e56fd34408186e4bbccfd4996cb3dc -> 
  custom:framework-win-MediaFoundation: 216162199b28c13a410421893ffa2e32 -> 
  custom:CustomObjectIndexerAttribute: 756ad292c208cfabdd7b50bc23989ffe -> 
  custom:container-demuxer-webm: 4f35f7cbe854078d1ac9338744f61a02 -> 
  custom:container-muxer-webm: aa71ff27fc2769a1b78a27578f13a17b -> 
  custom:video-decoder-webm-vp8: 9c59270c3fd7afecdb556c50c9e8de78 -> 
  custom:SearchIndexIgnoredProperties: e643bd26f0fe6173181afceb89e7c659 -> 
  custom:AudioImporter_EditorPlatform: d09bf68614088b80899f8185d706f6e7 -> 
  custom:scripting/monoscript/fileName/PlaceInfoHolder.cs: 5115a02278b92b7496a0da728eef9f39 -> fbad39f7dbb99a38806bb6707ecad518
  custom:video-encoder-webm-vp8: eb34c28f22e8b96e1ab97ce403110664 -> 
  custom:audio-decoder-ogg-vorbis: bf7c407c2cedff20999df2af8eb42d56 -> 
  custom:audio-encoder-webm-vorbis: bf7c407c2cedff20999df2af8eb42d56 -> 
========================================================================
Received Prepare
Begin MonoManager ReloadAssembly
- Loaded All Assemblies, in  0.367 seconds
Refreshing native plugins compatible for Editor in 2.94 ms, found 3 plugins.
Native extension for UWP target not found
Native extension for WindowsStandalone target not found
Native extension for Android target not found
Native extension for WebGL target not found
[Package Manager] Server::EnsureServerProcessIsRunning -- launch failed, reason: Unity was launched with the -noUpm command-line argument
[Package Manager] UpmClient::Send -- Unable to send message (not connected to UPM process).
[Package Manager] Cannot connect to Unity Package Manager local server
Mono: successfully reloaded assembly
- Finished resetting the current domain, in  0.788 seconds
Domain Reload Profiling: 1153ms
	BeginReloadAssembly (126ms)
		ExecutionOrderSort (0ms)
		DisableScriptedObjects (5ms)
		BackupInstance (0ms)
		ReleaseScriptingObjects (0ms)
		CreateAndSetChildDomain (28ms)
	RebuildCommonClasses (31ms)
	RebuildNativeTypeToScriptingClass (9ms)
	initialDomainReloadingComplete (23ms)
	LoadAllAssembliesAndSetupDomain (176ms)
		LoadAssemblies (225ms)
		RebuildTransferFunctionScriptingTraits (0ms)
		AnalyzeDomain (19ms)
			TypeCache.Refresh (9ms)
				TypeCache.ScanAssembly (1ms)
			ScanForSourceGeneratedMonoScriptInfo (5ms)
			ResolveRequiredComponents (4ms)
	FinalizeReload (788ms)
		ReleaseScriptCaches (0ms)
		RebuildScriptCaches (0ms)
		SetupLoadedEditorAssemblies (468ms)
			LogAssemblyErrors (0ms)
			InitializePlatformSupportModulesInManaged (20ms)
			SetLoadedEditorAssemblies (3ms)
			RefreshPlugins (0ms)
			BeforeProcessingInitializeOnLoad (51ms)
			ProcessInitializeOnLoadAttributes (373ms)
			ProcessInitializeOnLoadMethodAttributes (17ms)
			AfterProcessingInitializeOnLoad (5ms)
			EditorAssembliesLoaded (0ms)
		ExecutionOrderSort2 (0ms)
		AwakeInstancesAfterBackupRestoration (7ms)
Refreshing native plugins compatible for Editor in 4.85 ms, found 3 plugins.
Preloading 0 native plugins for Editor in 0.00 ms.
Unloading 3630 Unused Serialized files (Serialized files now loaded: 0)
Unloading 39 unused Assets / (36.2 KB). Loaded Objects now: 4155.
Memory consumption went from 131.3 MB to 131.3 MB.
Total: 2.630100 ms (FindLiveObjects: 0.271000 ms CreateObjectMapping: 0.272300 ms MarkObjects: 2.041500 ms  DeleteObjects: 0.044600 ms)

Prepare: number of updated asset objects reloaded= 0
AssetImportParameters requested are different than current active one (requested -> active):
  custom:container-demuxer-ogg: 62fdf1f143b41e24485cea50d1cbac27 -> 
  custom:video-decoder-ogg-theora: a1e56fd34408186e4bbccfd4996cb3dc -> 
  custom:framework-win-MediaFoundation: 216162199b28c13a410421893ffa2e32 -> 
  custom:CustomObjectIndexerAttribute: 756ad292c208cfabdd7b50bc23989ffe -> 
  custom:container-demuxer-webm: 4f35f7cbe854078d1ac9338744f61a02 -> 
  custom:container-muxer-webm: aa71ff27fc2769a1b78a27578f13a17b -> 
  custom:video-decoder-webm-vp8: 9c59270c3fd7afecdb556c50c9e8de78 -> 
  custom:SearchIndexIgnoredProperties: e643bd26f0fe6173181afceb89e7c659 -> 
  custom:AudioImporter_EditorPlatform: d09bf68614088b80899f8185d706f6e7 -> 
  custom:scripting/monoscript/fileName/PlaceInfoHolder.cs: 5115a02278b92b7496a0da728eef9f39 -> fbad39f7dbb99a38806bb6707ecad518
  custom:video-encoder-webm-vp8: eb34c28f22e8b96e1ab97ce403110664 -> 
  custom:audio-decoder-ogg-vorbis: bf7c407c2cedff20999df2af8eb42d56 -> 
  custom:audio-encoder-webm-vorbis: bf7c407c2cedff20999df2af8eb42d56 -> 
========================================================================
Received Prepare
Begin MonoManager ReloadAssembly
- Loaded All Assemblies, in  0.371 seconds
Refreshing native plugins compatible for Editor in 3.57 ms, found 3 plugins.
Native extension for UWP target not found
Native extension for WindowsStandalone target not found
Native extension for Android target not found
Native extension for WebGL target not found
[Package Manager] Server::EnsureServerProcessIsRunning -- launch failed, reason: Unity was launched with the -noUpm command-line argument
[Package Manager] UpmClient::Send -- Unable to send message (not connected to UPM process).
[Package Manager] Cannot connect to Unity Package Manager local server
Mono: successfully reloaded assembly
- Finished resetting the current domain, in  0.834 seconds
Domain Reload Profiling: 1203ms
	BeginReloadAssembly (122ms)
		ExecutionOrderSort (0ms)
		DisableScriptedObjects (5ms)
		BackupInstance (0ms)
		ReleaseScriptingObjects (0ms)
		CreateAndSetChildDomain (29ms)
	RebuildCommonClasses (27ms)
	RebuildNativeTypeToScriptingClass (10ms)
	initialDomainReloadingComplete (23ms)
	LoadAllAssembliesAndSetupDomain (186ms)
		LoadAssemblies (229ms)
		RebuildTransferFunctionScriptingTraits (0ms)
		AnalyzeDomain (20ms)
			TypeCache.Refresh (9ms)
				TypeCache.ScanAssembly (1ms)
			ScanForSourceGeneratedMonoScriptInfo (6ms)
			ResolveRequiredComponents (4ms)
	FinalizeReload (834ms)
		ReleaseScriptCaches (0ms)
		RebuildScriptCaches (0ms)
		SetupLoadedEditorAssemblies (499ms)
			LogAssemblyErrors (0ms)
			InitializePlatformSupportModulesInManaged (21ms)
			SetLoadedEditorAssemblies (3ms)
			RefreshPlugins (0ms)
			BeforeProcessingInitializeOnLoad (52ms)
			ProcessInitializeOnLoadAttributes (401ms)
			ProcessInitializeOnLoadMethodAttributes (17ms)
			AfterProcessingInitializeOnLoad (5ms)
			EditorAssembliesLoaded (0ms)
		ExecutionOrderSort2 (0ms)
		AwakeInstancesAfterBackupRestoration (7ms)
Refreshing native plugins compatible for Editor in 5.23 ms, found 3 plugins.
Preloading 0 native plugins for Editor in 0.00 ms.
Unloading 3630 Unused Serialized files (Serialized files now loaded: 0)
Unloading 39 unused Assets / (37.4 KB). Loaded Objects now: 4159.
Memory consumption went from 131.3 MB to 131.3 MB.
Total: 2.801500 ms (FindLiveObjects: 0.253000 ms CreateObjectMapping: 0.230300 ms MarkObjects: 2.275700 ms  DeleteObjects: 0.041900 ms)

Prepare: number of updated asset objects reloaded= 0
AssetImportParameters requested are different than current active one (requested -> active):
  custom:container-demuxer-ogg: 62fdf1f143b41e24485cea50d1cbac27 -> 
  custom:video-decoder-ogg-theora: a1e56fd34408186e4bbccfd4996cb3dc -> 
  custom:framework-win-MediaFoundation: 216162199b28c13a410421893ffa2e32 -> 
  custom:CustomObjectIndexerAttribute: 756ad292c208cfabdd7b50bc23989ffe -> 
  custom:container-demuxer-webm: 4f35f7cbe854078d1ac9338744f61a02 -> 
  custom:container-muxer-webm: aa71ff27fc2769a1b78a27578f13a17b -> 
  custom:video-decoder-webm-vp8: 9c59270c3fd7afecdb556c50c9e8de78 -> 
  custom:SearchIndexIgnoredProperties: e643bd26f0fe6173181afceb89e7c659 -> 
  custom:AudioImporter_EditorPlatform: d09bf68614088b80899f8185d706f6e7 -> 
  custom:scripting/monoscript/fileName/PlaceInfoHolder.cs: 5115a02278b92b7496a0da728eef9f39 -> fbad39f7dbb99a38806bb6707ecad518
  custom:video-encoder-webm-vp8: eb34c28f22e8b96e1ab97ce403110664 -> 
  custom:audio-decoder-ogg-vorbis: bf7c407c2cedff20999df2af8eb42d56 -> 
  custom:audio-encoder-webm-vorbis: bf7c407c2cedff20999df2af8eb42d56 -> 
========================================================================
Received Prepare
Begin MonoManager ReloadAssembly
- Loaded All Assemblies, in  0.365 seconds
Refreshing native plugins compatible for Editor in 3.12 ms, found 3 plugins.
Native extension for UWP target not found
Native extension for WindowsStandalone target not found
Native extension for Android target not found
Native extension for WebGL target not found
[Package Manager] Server::EnsureServerProcessIsRunning -- launch failed, reason: Unity was launched with the -noUpm command-line argument
[Package Manager] UpmClient::Send -- Unable to send message (not connected to UPM process).
[Package Manager] Cannot connect to Unity Package Manager local server
Mono: successfully reloaded assembly
- Finished resetting the current domain, in  0.809 seconds
Domain Reload Profiling: 1172ms
	BeginReloadAssembly (123ms)
		ExecutionOrderSort (0ms)
		DisableScriptedObjects (5ms)
		BackupInstance (0ms)
		ReleaseScriptingObjects (0ms)
		CreateAndSetChildDomain (28ms)
	RebuildCommonClasses (27ms)
	RebuildNativeTypeToScriptingClass (9ms)
	initialDomainReloadingComplete (26ms)
	LoadAllAssembliesAndSetupDomain (178ms)
		LoadAssemblies (222ms)
		RebuildTransferFunctionScriptingTraits (0ms)
		AnalyzeDomain (20ms)
			TypeCache.Refresh (10ms)
				TypeCache.ScanAssembly (1ms)
			ScanForSourceGeneratedMonoScriptInfo (6ms)
			ResolveRequiredComponents (4ms)
	FinalizeReload (809ms)
		ReleaseScriptCaches (0ms)
		RebuildScriptCaches (0ms)
		SetupLoadedEditorAssemblies (488ms)
			LogAssemblyErrors (0ms)
			InitializePlatformSupportModulesInManaged (20ms)
			SetLoadedEditorAssemblies (3ms)
			RefreshPlugins (0ms)
			BeforeProcessingInitializeOnLoad (62ms)
			ProcessInitializeOnLoadAttributes (382ms)
			ProcessInitializeOnLoadMethodAttributes (17ms)
			AfterProcessingInitializeOnLoad (4ms)
			EditorAssembliesLoaded (0ms)
		ExecutionOrderSort2 (0ms)
		AwakeInstancesAfterBackupRestoration (6ms)
Refreshing native plugins compatible for Editor in 5.11 ms, found 3 plugins.
Preloading 0 native plugins for Editor in 0.00 ms.
Unloading 3630 Unused Serialized files (Serialized files now loaded: 0)
Unloading 39 unused Assets / (36.4 KB). Loaded Objects now: 4163.
Memory consumption went from 131.3 MB to 131.3 MB.
Total: 2.834100 ms (FindLiveObjects: 0.251300 ms CreateObjectMapping: 0.207200 ms MarkObjects: 2.335300 ms  DeleteObjects: 0.039700 ms)

Prepare: number of updated asset objects reloaded= 0
AssetImportParameters requested are different than current active one (requested -> active):
  custom:container-demuxer-ogg: 62fdf1f143b41e24485cea50d1cbac27 -> 
  custom:video-decoder-ogg-theora: a1e56fd34408186e4bbccfd4996cb3dc -> 
  custom:framework-win-MediaFoundation: 216162199b28c13a410421893ffa2e32 -> 
  custom:CustomObjectIndexerAttribute: 756ad292c208cfabdd7b50bc23989ffe -> 
  custom:container-demuxer-webm: 4f35f7cbe854078d1ac9338744f61a02 -> 
  custom:container-muxer-webm: aa71ff27fc2769a1b78a27578f13a17b -> 
  custom:video-decoder-webm-vp8: 9c59270c3fd7afecdb556c50c9e8de78 -> 
  custom:SearchIndexIgnoredProperties: e643bd26f0fe6173181afceb89e7c659 -> 
  custom:AudioImporter_EditorPlatform: d09bf68614088b80899f8185d706f6e7 -> 
  custom:scripting/monoscript/fileName/PlaceInfoHolder.cs: 5115a02278b92b7496a0da728eef9f39 -> fbad39f7dbb99a38806bb6707ecad518
  custom:video-encoder-webm-vp8: eb34c28f22e8b96e1ab97ce403110664 -> 
  custom:audio-decoder-ogg-vorbis: bf7c407c2cedff20999df2af8eb42d56 -> 
  custom:audio-encoder-webm-vorbis: bf7c407c2cedff20999df2af8eb42d56 -> 
========================================================================
Received Prepare
Begin MonoManager ReloadAssembly
- Loaded All Assemblies, in  0.368 seconds
Refreshing native plugins compatible for Editor in 3.09 ms, found 3 plugins.
Native extension for UWP target not found
Native extension for WindowsStandalone target not found
Native extension for Android target not found
Native extension for WebGL target not found
[Package Manager] Server::EnsureServerProcessIsRunning -- launch failed, reason: Unity was launched with the -noUpm command-line argument
[Package Manager] UpmClient::Send -- Unable to send message (not connected to UPM process).
[Package Manager] Cannot connect to Unity Package Manager local server
Mono: successfully reloaded assembly
- Finished resetting the current domain, in  0.839 seconds
Domain Reload Profiling: 1206ms
	BeginReloadAssembly (126ms)
		ExecutionOrderSort (0ms)
		DisableScriptedObjects (5ms)
		BackupInstance (0ms)
		ReleaseScriptingObjects (0ms)
		CreateAndSetChildDomain (29ms)
	RebuildCommonClasses (30ms)
	RebuildNativeTypeToScriptingClass (9ms)
	initialDomainReloadingComplete (23ms)
	LoadAllAssembliesAndSetupDomain (179ms)
		LoadAssemblies (226ms)
		RebuildTransferFunctionScriptingTraits (0ms)
		AnalyzeDomain (20ms)
			TypeCache.Refresh (9ms)
				TypeCache.ScanAssembly (1ms)
			ScanForSourceGeneratedMonoScriptInfo (5ms)
			ResolveRequiredComponents (4ms)
	FinalizeReload (840ms)
		ReleaseScriptCaches (0ms)
		RebuildScriptCaches (0ms)
		SetupLoadedEditorAssemblies (507ms)
			LogAssemblyErrors (0ms)
			InitializePlatformSupportModulesInManaged (20ms)
			SetLoadedEditorAssemblies (3ms)
			RefreshPlugins (0ms)
			BeforeProcessingInitializeOnLoad (51ms)
			ProcessInitializeOnLoadAttributes (407ms)
			ProcessInitializeOnLoadMethodAttributes (19ms)
			AfterProcessingInitializeOnLoad (6ms)
			EditorAssembliesLoaded (0ms)
		ExecutionOrderSort2 (0ms)
		AwakeInstancesAfterBackupRestoration (7ms)
Refreshing native plugins compatible for Editor in 5.24 ms, found 3 plugins.
Preloading 0 native plugins for Editor in 0.00 ms.
Unloading 3630 Unused Serialized files (Serialized files now loaded: 0)
Unloading 39 unused Assets / (37.3 KB). Loaded Objects now: 4167.
Memory consumption went from 131.3 MB to 131.3 MB.
Total: 2.924000 ms (FindLiveObjects: 0.268800 ms CreateObjectMapping: 0.232500 ms MarkObjects: 2.375700 ms  DeleteObjects: 0.046400 ms)

Prepare: number of updated asset objects reloaded= 0
AssetImportParameters requested are different than current active one (requested -> active):
  custom:container-demuxer-ogg: 62fdf1f143b41e24485cea50d1cbac27 -> 
  custom:video-decoder-ogg-theora: a1e56fd34408186e4bbccfd4996cb3dc -> 
  custom:framework-win-MediaFoundation: 216162199b28c13a410421893ffa2e32 -> 
  custom:CustomObjectIndexerAttribute: 756ad292c208cfabdd7b50bc23989ffe -> 
  custom:container-demuxer-webm: 4f35f7cbe854078d1ac9338744f61a02 -> 
  custom:container-muxer-webm: aa71ff27fc2769a1b78a27578f13a17b -> 
  custom:video-decoder-webm-vp8: 9c59270c3fd7afecdb556c50c9e8de78 -> 
  custom:SearchIndexIgnoredProperties: e643bd26f0fe6173181afceb89e7c659 -> 
  custom:AudioImporter_EditorPlatform: d09bf68614088b80899f8185d706f6e7 -> 
  custom:scripting/monoscript/fileName/PlaceInfoHolder.cs: 5115a02278b92b7496a0da728eef9f39 -> fbad39f7dbb99a38806bb6707ecad518
  custom:video-encoder-webm-vp8: eb34c28f22e8b96e1ab97ce403110664 -> 
  custom:audio-decoder-ogg-vorbis: bf7c407c2cedff20999df2af8eb42d56 -> 
  custom:audio-encoder-webm-vorbis: bf7c407c2cedff20999df2af8eb42d56 -> 
========================================================================
Received Import Request.
  Time since last request: 967.876417 seconds.
  path: Assets/Samples/Assets/Beep.wav
  artifactKey: Guid(9d07a960b9553fb4eb76eb484b76d049) Importer(815301076,1909f56bfc062723c751e8b465ee728b)
Start importing Assets/Samples/Assets/Beep.wav using Guid(9d07a960b9553fb4eb76eb484b76d049) Importer(815301076,1909f56bfc062723c751e8b465ee728b)  -> (artifact id: '74f592ca9387fbbbac2d730881bced54') in 0.126935 seconds
Number of updated asset objects reloaded before import = 0
Number of asset objects unloaded after import = 2
========================================================================
Received Import Request.
  Time since last request: 19.011685 seconds.
  path: Assets/Fonts/Nunito/static/Nunito-SemiBold.ttf
  artifactKey: Guid(42efe995b1979a64eb01a495244dbb8b) Importer(815301076,1909f56bfc062723c751e8b465ee728b)
Start importing Assets/Fonts/Nunito/static/Nunito-SemiBold.ttf using Guid(42efe995b1979a64eb01a495244dbb8b) Importer(815301076,1909f56bfc062723c751e8b465ee728b)  -> (artifact id: 'd1bd518a0bf15df0c398431bcb5bfb5a') in 0.119852 seconds
Number of updated asset objects reloaded before import = 0
Number of asset objects unloaded after import = 4
========================================================================
Received Import Request.
  Time since last request: 0.000025 seconds.
  path: Assets/Fonts/Nunito/static/Nunito-SemiBoldItalic.ttf
  artifactKey: Guid(741c13db94ef70e48925c95cee04bc6b) Importer(815301076,1909f56bfc062723c751e8b465ee728b)
Start importing Assets/Fonts/Nunito/static/Nunito-SemiBoldItalic.ttf using Guid(741c13db94ef70e48925c95cee04bc6b) Importer(815301076,1909f56bfc062723c751e8b465ee728b)  -> (artifact id: 'c9c8c38b15427abb01f871d1d3a58553') in 0.040281 seconds
Number of updated asset objects reloaded before import = 0
Number of asset objects unloaded after import = 4
========================================================================
Received Import Request.
  Time since last request: 0.000014 seconds.
  path: Assets/Fonts/Nunito/static/Nunito-ExtraBold.ttf
  artifactKey: Guid(03b39b32ac3732441a45b1f8a62b9e0c) Importer(815301076,1909f56bfc062723c751e8b465ee728b)
Start importing Assets/Fonts/Nunito/static/Nunito-ExtraBold.ttf using Guid(03b39b32ac3732441a45b1f8a62b9e0c) Importer(815301076,1909f56bfc062723c751e8b465ee728b)  -> (artifact id: 'c8db35740e06d86c74c6549624dbc374') in 0.034855 seconds
Number of updated asset objects reloaded before import = 0
Number of asset objects unloaded after import = 4
========================================================================
Received Import Request.
  Time since last request: 0.000018 seconds.
  path: Assets/Fonts/Nunito/static/Nunito-BoldItalic.ttf
  artifactKey: Guid(6862a62598c546a4ab5ca6498b256917) Importer(815301076,1909f56bfc062723c751e8b465ee728b)
Start importing Assets/Fonts/Nunito/static/Nunito-BoldItalic.ttf using Guid(6862a62598c546a4ab5ca6498b256917) Importer(815301076,1909f56bfc062723c751e8b465ee728b)  -> (artifact id: '1781b1aaf005708f2987dec993bdd30b') in 0.043472 seconds
Number of updated asset objects reloaded before import = 0
Number of asset objects unloaded after import = 4
========================================================================
Received Import Request.
  Time since last request: 0.000011 seconds.
  path: Assets/Fonts/Nunito/static/Nunito-Light.ttf
  artifactKey: Guid(943102d20cebe4d468ec4c8e3b6037af) Importer(815301076,1909f56bfc062723c751e8b465ee728b)
Start importing Assets/Fonts/Nunito/static/Nunito-Light.ttf using Guid(943102d20cebe4d468ec4c8e3b6037af) Importer(815301076,1909f56bfc062723c751e8b465ee728b)  -> (artifact id: 'efc514df6fc53bfd218393aea69fe510') in 0.039872 seconds
Number of updated asset objects reloaded before import = 0
Number of asset objects unloaded after import = 4
========================================================================
Received Import Request.
  Time since last request: 0.000011 seconds.
  path: Assets/Fonts/Nunito/static/Nunito-LightItalic.ttf
  artifactKey: Guid(84bf6b5051ca05f4caef0a0007b794b3) Importer(815301076,1909f56bfc062723c751e8b465ee728b)
Start importing Assets/Fonts/Nunito/static/Nunito-LightItalic.ttf using Guid(84bf6b5051ca05f4caef0a0007b794b3) Importer(815301076,1909f56bfc062723c751e8b465ee728b)  -> (artifact id: '691cac44e4843b96230e494406f61b0f') in 0.007766 seconds
Number of updated asset objects reloaded before import = 0
Number of asset objects unloaded after import = 4
Editor requested this worker to shutdown with reason: Scaling down because of idle timeout
TcpMessagingSession - receive error: operation aborted. errorcode: 995, details: The I/O operation has been aborted because of either a thread exit or an application request.
AssetImportWorker is now disconnected from the server
Process exiting
Exiting without the bug reporter. Application will terminate with return code 0